Change Component Physical Designator: Old Designator=C? New Designator=C1
Change Component Physical Designator: Old Designator=C? New Designator=C2
Change Component Physical Designator: Old Designator=C? New Designator=C3
Change Component Physical Designator: Old Designator=C? New Designator=C4
Change Component Physical Designator: Old Designator=C? New Designator=C5
Change Component Physical Designator: Old Designator=C? New Designator=C6
Change Component Physical Designator: Old Designator=C? New Designator=C7
Change Component Physical Designator: Old Designator=C? New Designator=C8
Change Component Physical Designator: Old Designator=C? New Designator=C9
Change Component Physical Designator: Old Designator=C? New Designator=C10
Change Component Physical Designator: Old Designator=C? New Designator=C11
Change Component Physical Designator: Old Designator=C? New Designator=C12
Change Component Physical Designator: Old Designator=C? New Designator=C13
Change Component Physical Designator: Old Designator=C? New Designator=C14
Change Component Physical Designator: Old Designator=C? New Designator=C15
Change Component Physical Designator: Old Designator=C? New Designator=C16
Change Component Physical Designator: Old Designator=C? New Designator=C17
Change Component Physical Designator: Old Designator=C? New Designator=C18
Change Component Physical Designator: Old Designator=C? New Designator=C19
Change Component Physical Designator: Old Designator=C? New Designator=C20
Change Component Physical Designator: Old Designator=C? New Designator=C21
Change Component Physical Designator: Old Designator=C? New Designator=C22
Change Component Physical Designator: Old Designator=C? New Designator=C23
Change Component Physical Designator: Old Designator=C? New Designator=C24
Change Component Physical Designator: Old Designator=C? New Designator=C25
Change Component Physical Designator: Old Designator=C? New Designator=C26
Change Component Physical Designator: Old Designator=C? New Designator=C27
Change Component Physical Designator: Old Designator=C? New Designator=C28
Change Component Physical Designator: Old Designator=C? New Designator=C29
Change Component Physical Designator: Old Designator=C? New Designator=C30
Change Component Physical Designator: Old Designator=C? New Designator=C31
Change Component Physical Designator: Old Designator=C? New Designator=C32
Change Component Physical Designator: Old Designator=C? New Designator=C33
Change Component Physical Designator: Old Designator=C? New Designator=C34
Change Component Physical Designator: Old Designator=C? New Designator=C35
Change Component Physical Designator: Old Designator=C? New Designator=C36
Change Component Physical Designator: Old Designator=C? New Designator=C37
Change Component Physical Designator: Old Designator=C? New Designator=C38
Change Component Physical Designator: Old Designator=C? New Designator=C39
Change Component Physical Designator: Old Designator=C? New Designator=C40
Change Component Physical Designator: Old Designator=C? New Designator=C41
Change Component Physical Designator: Old Designator=C? New Designator=C42
Change Component Physical Designator: Old Designator=C? New Designator=C43
Change Component Physical Designator: Old Designator=C? New Designator=C44
Change Component Physical Designator: Old Designator=C? New Designator=C45
Change Component Physical Designator: Old Designator=C? New Designator=C46
Change Component Physical Designator: Old Designator=C? New Designator=C47
Change Component Physical Designator: Old Designator=C? New Designator=C48
Change Component Physical Designator: Old Designator=C? New Designator=C49
Change Component Physical Designator: Old Designator=C? New Designator=C50
Change Component Physical Designator: Old Designator=C? New Designator=C51
Change Component Physical Designator: Old Designator=C? New Designator=C52
Change Component Physical Designator: Old Designator=C? New Designator=C53
Change Component Physical Designator: Old Designator=C? New Designator=C54
Change Component Physical Designator: Old Designator=C? New Designator=C55
Change Component Physical Designator: Old Designator=C? New Designator=C56
Change Component Physical Designator: Old Designator=C? New Designator=C57
Change Component Physical Designator: Old Designator=C? New Designator=C58
Change Component Physical Designator: Old Designator=C? New Designator=C59
Change Component Physical Designator: Old Designator=C? New Designator=C60
Change Component Physical Designator: Old Designator=C? New Designator=C61
Change Component Physical Designator: Old Designator=C? New Designator=C62
Change Component Physical Designator: Old Designator=C? New Designator=C63
Change Component Physical Designator: Old Designator=C? New Designator=C64
Change Component Physical Designator: Old Designator=C? New Designator=C65
Change Component Physical Designator: Old Designator=C? New Designator=C66
Change Component Physical Designator: Old Designator=C? New Designator=C67
Change Component Physical Designator: Old Designator=C? New Designator=C68
Change Component Physical Designator: Old Designator=C? New Designator=C69
Change Component Physical Designator: Old Designator=C? New Designator=C70
Change Component Physical Designator: Old Designator=C? New Designator=C71
Change Component Physical Designator: Old Designator=C? New Designator=C72
Change Component Physical Designator: Old Designator=C? New Designator=C73
Change Component Physical Designator: Old Designator=C? New Designator=C74
Change Component Physical Designator: Old Designator=C? New Designator=C75
Change Component Physical Designator: Old Designator=C? New Designator=C76
Change Component Physical Designator: Old Designator=C? New Designator=C77
Change Component Physical Designator: Old Designator=C? New Designator=C78
Change Component Physical Designator: Old Designator=C? New Designator=C79
Change Component Physical Designator: Old Designator=D? New Designator=D1
Change Component Physical Designator: Old Designator=D? New Designator=D2
Change Component Physical Designator: Old Designator=D? New Designator=D3
Change Component Physical Designator: Old Designator=D? New Designator=D4
Change Component Physical Designator: Old Designator=D? New Designator=D5
Change Component Physical Designator: Old Designator=D? New Designator=D6
Change Component Physical Designator: Old Designator=D? New Designator=D7
Change Component Physical Designator: Old Designator=D? New Designator=D8
Change Component Physical Designator: Old Designator=D? New Designator=D9
Change Component Physical Designator: Old Designator=D? New Designator=D10
Change Component Physical Designator: Old Designator=D? New Designator=D11
Change Component Physical Designator: Old Designator=D? New Designator=D12
Change Component Physical Designator: Old Designator=D? New Designator=D13
Change Component Physical Designator: Old Designator=Header? New Designator=Header1
Change Component Physical Designator: Old Designator=Header? New Designator=Header2
Change Component Physical Designator: Old Designator=Header? New Designator=Header3
Change Component Physical Designator: Old Designator=Header? New Designator=Header4
Change Component Physical Designator: Old Designator=Header? New Designator=Header5
Change Component Physical Designator: Old Designator=Header? New Designator=Header6
Change Component Physical Designator: Old Designator=Header? New Designator=Header7
Change Component Physical Designator: Old Designator=Header? New Designator=Header8
Change Component Physical Designator: Old Designator=Header? New Designator=Header9
Change Component Physical Designator: Old Designator=Header? New Designator=Header10
Change Component Physical Designator: Old Designator=Header? New Designator=Header11
Change Component Physical Designator: Old Designator=IC? New Designator=IC1
Change Component Physical Designator: Old Designator=IC? New Designator=IC2
Change Component Physical Designator: Old Designator=IC? New Designator=IC3
Change Component Physical Designator: Old Designator=IC? New Designator=IC4
Change Component Physical Designator: Old Designator=IC? New Designator=IC5
Change Component Physical Designator: Old Designator=IC? New Designator=IC6
Change Component Physical Designator: Old Designator=IC? New Designator=IC7
Change Component Physical Designator: Old Designator=IC? New Designator=IC8
Change Component Physical Designator: Old Designator=IC? New Designator=IC9
Change Component Physical Designator: Old Designator=IC_FPGA_A? New Designator=IC_FPGA_A1
Change Component Physical Designator: Old Designator=IC_FPGA_A? New Designator=IC_FPGA_A4
Change Component Physical Designator: Old Designator=IC_FPGA_A? New Designator=IC_FPGA_A7
Change Component Physical Designator: Old Designator=IC_FPGA_A? New Designator=IC_FPGA_A2
Change Component Physical Designator: Old Designator=IC_FPGA_A? New Designator=IC_FPGA_A9
Change Component Physical Designator: Old Designator=IC_FPGA_A? New Designator=IC_FPGA_A5
Change Component Physical Designator: Old Designator=IC_FPGA_A? New Designator=IC_FPGA_A6
Change Component Physical Designator: Old Designator=IC_FPGA_A? New Designator=IC_FPGA_A3
Change Component Physical Designator: Old Designator=IC_FPGA_A? New Designator=IC_FPGA_A8
Change Component Physical Designator: Old Designator=J? New Designator=J1
Change Component Physical Designator: Old Designator=J? New Designator=J2
Change Component Physical Designator: Old Designator=LED? New Designator=LED1
Change Component Physical Designator: Old Designator=Module? New Designator=Module1
Change Component Physical Designator: Old Designator=Module? New Designator=Module2
Change Component Physical Designator: Old Designator=Module? New Designator=Module3
Change Component Physical Designator: Old Designator=Module? New Designator=Module4
Change Component Physical Designator: Old Designator=Module? New Designator=Module5
Change Component Physical Designator: Old Designator=Module? New Designator=Module6
Change Component Physical Designator: Old Designator=Module? New Designator=Module7
Change Component Physical Designator: Old Designator=Module? New Designator=Module8
Change Component Physical Designator: Old Designator=R? New Designator=R1
Change Component Physical Designator: Old Designator=R? New Designator=R2
Change Component Physical Designator: Old Designator=R? New Designator=R3
Change Component Physical Designator: Old Designator=R? New Designator=R4
Change Component Physical Designator: Old Designator=R? New Designator=R5
Change Component Physical Designator: Old Designator=R? New Designator=R6
Change Component Physical Designator: Old Designator=R? New Designator=R7
Change Component Physical Designator: Old Designator=R? New Designator=R8
Change Component Physical Designator: Old Designator=R? New Designator=R9
Change Component Physical Designator: Old Designator=R? New Designator=R10
Change Component Physical Designator: Old Designator=R? New Designator=R11
Change Component Physical Designator: Old Designator=R? New Designator=R12
Change Component Physical Designator: Old Designator=R? New Designator=R13
Change Component Physical Designator: Old Designator=R? New Designator=R14
Change Component Physical Designator: Old Designator=R? New Designator=R15
Change Component Physical Designator: Old Designator=R? New Designator=R16
Change Component Physical Designator: Old Designator=R? New Designator=R17
Change Component Physical Designator: Old Designator=R? New Designator=R18
Change Component Physical Designator: Old Designator=R? New Designator=R19
Change Component Physical Designator: Old Designator=R? New Designator=R20
Change Component Physical Designator: Old Designator=R? New Designator=R21
Change Component Physical Designator: Old Designator=R? New Designator=R22
Change Component Physical Designator: Old Designator=R? New Designator=R23
Change Component Physical Designator: Old Designator=R? New Designator=R24
Change Component Physical Designator: Old Designator=R? New Designator=R25
Change Component Physical Designator: Old Designator=R? New Designator=R26
Change Component Physical Designator: Old Designator=R? New Designator=R27
Change Component Physical Designator: Old Designator=R? New Designator=R28
Change Component Physical Designator: Old Designator=R? New Designator=R29
Change Component Physical Designator: Old Designator=R? New Designator=R30
Change Component Physical Designator: Old Designator=REG? New Designator=REG1
Change Component Physical Designator: Old Designator=REG? New Designator=REG2
Change Component Physical Designator: Old Designator=REG? New Designator=REG3
Change Component Physical Designator: Old Designator=REG? New Designator=REG4
Change Component Physical Designator: Old Designator=S? New Designator=S1
Change Component Physical Designator: Old Designator=S? New Designator=S2
Change Component Physical Designator: Old Designator=S? New Designator=S3
Change Component Physical Designator: Old Designator=S? New Designator=S4
Change Component Physical Designator: Old Designator=S? New Designator=S5
Change Component Physical Designator: Old Designator=X? New Designator=X1
Change Component Physical Designator: Old Designator=X? New Designator=X2
Change Component Physical Designator: Old Designator=X? New Designator=X3
