Change Component Physical Designator: Old Designator=C1 New Designator=C2
Change Component Physical Designator: Old Designator=C3 New Designator=C4
Change Component Physical Designator: Old Designator=C10 New Designator=C9
Change Component Physical Designator: Old Designator=C11 New Designator=C10
Change Component Physical Designator: Old Designator=C14 New Designator=C15
Change Component Physical Designator: Old Designator=C36 New Designator=C38
Change Component Physical Designator: Old Designator=C37 New Designator=C36
Change Component Physical Designator: Old Designator=C38 New Designator=C37
Change Component Physical Designator: Old Designator=C41 New Designator=C43
Change Component Physical Designator: Old Designator=C47 New Designator=C49
Change Component Physical Designator: Old Designator=C54 New Designator=C53
Change Component Physical Designator: Old Designator=C55 New Designator=C54
Change Component Physical Designator: Old Designator=C69 New Designator=C70
Change Component Physical Designator: Old Designator=C73 New Designator=C74
Change Component Physical Designator: Old Designator=C74 New Designator=C75
Change Component Physical Designator: Old Designator=Header2 New Designator=Header3
Change Component Physical Designator: Old Designator=Header3 New Designator=Header4
Change Component Physical Designator: Old Designator=Header4 New Designator=Header2
Change Component Physical Designator: Old Designator=Header9 New Designator=Header7
Change Component Physical Designator: Old Designator=Header10 New Designator=Header8
Change Component Physical Designator: Old Designator=Header11 New Designator=Header9
Change Component Physical Designator: Old Designator=J1 New Designator=J5
Change Component Physical Designator: Old Designator=J2 New Designator=J6
Change Component Physical Designator: Old Designator=Module7 New Designator=Module6
Change Component Physical Designator: Old Designator=Module8 New Designator=Module7
Change Component Physical Designator: Old Designator=R13 New Designator=R14
Change Component Physical Designator: Old Designator=R14 New Designator=R15
Change Component Physical Designator: Old Designator=R15 New Designator=R13
