Change Component Physical Designator: Old Designator=BB New Designator=Header?
Change Component Physical Designator: Old Designator=C1 New Designator=C?
Change Component Physical Designator: Old Designator=C2 New Designator=C?
Change Component Physical Designator: Old Designator=C3 New Designator=C?
Change Component Physical Designator: Old Designator=C4 New Designator=C?
Change Component Physical Designator: Old Designator=C5 New Designator=C?
Change Component Physical Designator: Old Designator=C6 New Designator=C?
Change Component Physical Designator: Old Designator=C7 New Designator=C?
Change Component Physical Designator: Old Designator=C8 New Designator=C?
Change Component Physical Designator: Old Designator=C10 New Designator=C?
Change Component Physical Designator: Old Designator=C11 New Designator=C?
Change Component Physical Designator: Old Designator=C12 New Designator=C?
Change Component Physical Designator: Old Designator=C13 New Designator=C?
Change Component Physical Designator: Old Designator=C14 New Designator=C?
Change Component Physical Designator: Old Designator=C15 New Designator=C?
Change Component Physical Designator: Old Designator=C16 New Designator=C?
Change Component Physical Designator: Old Designator=C17 New Designator=C?
Change Component Physical Designator: Old Designator=C18 New Designator=C?
Change Component Physical Designator: Old Designator=C19 New Designator=C?
Change Component Physical Designator: Old Designator=C20 New Designator=C?
Change Component Physical Designator: Old Designator=C21 New Designator=C?
Change Component Physical Designator: Old Designator=C22 New Designator=C?
Change Component Physical Designator: Old Designator=C24 New Designator=C?
Change Component Physical Designator: Old Designator=C25 New Designator=C?
Change Component Physical Designator: Old Designator=C26 New Designator=C?
Change Component Physical Designator: Old Designator=C27 New Designator=C?
Change Component Physical Designator: Old Designator=C28 New Designator=C?
Change Component Physical Designator: Old Designator=C29 New Designator=C?
Change Component Physical Designator: Old Designator=C30 New Designator=C?
Change Component Physical Designator: Old Designator=C31 New Designator=C?
Change Component Physical Designator: Old Designator=C32 New Designator=C?
Change Component Physical Designator: Old Designator=C33 New Designator=C?
Change Component Physical Designator: Old Designator=C34 New Designator=C?
Change Component Physical Designator: Old Designator=C35 New Designator=C?
Change Component Physical Designator: Old Designator=C36 New Designator=C?
Change Component Physical Designator: Old Designator=C37 New Designator=C?
Change Component Physical Designator: Old Designator=C39 New Designator=C?
Change Component Physical Designator: Old Designator=C40 New Designator=C?
Change Component Physical Designator: Old Designator=C41 New Designator=C?
Change Component Physical Designator: Old Designator=C42 New Designator=C?
Change Component Physical Designator: Old Designator=C43 New Designator=C?
Change Component Physical Designator: Old Designator=C44 New Designator=C?
Change Component Physical Designator: Old Designator=C46 New Designator=C?
Change Component Physical Designator: Old Designator=C47 New Designator=C?
Change Component Physical Designator: Old Designator=C48 New Designator=C?
Change Component Physical Designator: Old Designator=C49 New Designator=C?
Change Component Physical Designator: Old Designator=C50 New Designator=C?
Change Component Physical Designator: Old Designator=C51 New Designator=C?
Change Component Physical Designator: Old Designator=C52 New Designator=C?
Change Component Physical Designator: Old Designator=C54 New Designator=C?
Change Component Physical Designator: Old Designator=C55 New Designator=C?
Change Component Physical Designator: Old Designator=C56 New Designator=C?
Change Component Physical Designator: Old Designator=C57 New Designator=C?
Change Component Physical Designator: Old Designator=C58 New Designator=C?
Change Component Physical Designator: Old Designator=C59 New Designator=C?
Change Component Physical Designator: Old Designator=C60 New Designator=C?
Change Component Physical Designator: Old Designator=C61 New Designator=C?
Change Component Physical Designator: Old Designator=C62 New Designator=C?
Change Component Physical Designator: Old Designator=C63 New Designator=C?
Change Component Physical Designator: Old Designator=C64 New Designator=C?
Change Component Physical Designator: Old Designator=C65 New Designator=C?
Change Component Physical Designator: Old Designator=C66 New Designator=C?
Change Component Physical Designator: Old Designator=C67 New Designator=C?
Change Component Physical Designator: Old Designator=C68 New Designator=C?
Change Component Physical Designator: Old Designator=C69 New Designator=C?
Change Component Physical Designator: Old Designator=C70 New Designator=C?
Change Component Physical Designator: Old Designator=C71 New Designator=C?
Change Component Physical Designator: Old Designator=C72 New Designator=C?
Change Component Physical Designator: Old Designator=C73 New Designator=C?
Change Component Physical Designator: Old Designator=C74 New Designator=C?
Change Component Physical Designator: Old Designator=C75 New Designator=C?
Change Component Physical Designator: Old Designator=C76 New Designator=C?
Change Component Physical Designator: Old Designator=C77 New Designator=C?
Change Component Physical Designator: Old Designator=C78 New Designator=C?
Change Component Physical Designator: Old Designator=C79 New Designator=C?
Change Component Physical Designator: Old Designator=CameraModule New Designator=Module?
Change Component Physical Designator: Old Designator=Conn_Battery New Designator=Header?
Change Component Physical Designator: Old Designator=Conn_Wall New Designator=Header?
Change Component Physical Designator: Old Designator=ConSwitchPad1 New Designator=S?
Change Component Physical Designator: Old Designator=D1 New Designator=D?
Change Component Physical Designator: Old Designator=D2 New Designator=D?
Change Component Physical Designator: Old Designator=D3 New Designator=D?
Change Component Physical Designator: Old Designator=D4 New Designator=D?
Change Component Physical Designator: Old Designator=D5 New Designator=D?
Change Component Physical Designator: Old Designator=D6 New Designator=D?
Change Component Physical Designator: Old Designator=D7 New Designator=D?
Change Component Physical Designator: Old Designator=D8 New Designator=D?
Change Component Physical Designator: Old Designator=D9 New Designator=D?
Change Component Physical Designator: Old Designator=D10 New Designator=D?
Change Component Physical Designator: Old Designator=D11 New Designator=D?
Change Component Physical Designator: Old Designator=D12 New Designator=D?
Change Component Physical Designator: Old Designator=D13 New Designator=D?
Change Component Physical Designator: Old Designator=FPGACONFIGRAM New Designator=IC?
Change Component Physical Designator: Old Designator=FPGARAM1 New Designator=IC?
Change Component Physical Designator: Old Designator=IC_FPGA_A1 New Designator=IC_FPGA_A?
Change Component Physical Designator: Old Designator=IC_FPGA_A1 New Designator=IC_FPGA_A?
Change Component Physical Designator: Old Designator=IC_FPGA_A1 New Designator=IC_FPGA_A?
Change Component Physical Designator: Old Designator=IC_FPGA_A1 New Designator=IC_FPGA_A?
Change Component Physical Designator: Old Designator=IC_FPGA_A1 New Designator=IC_FPGA_A?
Change Component Physical Designator: Old Designator=IC_FPGA_A1 New Designator=IC_FPGA_A?
Change Component Physical Designator: Old Designator=IC_FPGA_A1 New Designator=IC_FPGA_A?
Change Component Physical Designator: Old Designator=IC_FPGA_A1 New Designator=IC_FPGA_A?
Change Component Physical Designator: Old Designator=IC_FPGA_A1 New Designator=IC_FPGA_A?
Change Component Physical Designator: Old Designator=IC_Navigator New Designator=IC?
Change Component Physical Designator: Old Designator=J1 New Designator=J?
Change Component Physical Designator: Old Designator=J2 New Designator=J?
Change Component Physical Designator: Old Designator=JEPC New Designator=Header?
Change Component Physical Designator: Old Designator=Mini-USB1 New Designator=Module?
Change Component Physical Designator: Old Designator=Module1 New Designator=Module?
Change Component Physical Designator: Old Designator=Module2 New Designator=IC?
Change Component Physical Designator: Old Designator=Module3 New Designator=Module?
Change Component Physical Designator: Old Designator=Module4 New Designator=Module?
Change Component Physical Designator: Old Designator=Module5 New Designator=IC?
Change Component Physical Designator: Old Designator=Module6 New Designator=Module?
Change Component Physical Designator: Old Designator=Module7 New Designator=IC?
Change Component Physical Designator: Old Designator=Module8 New Designator=Module?
Change Component Physical Designator: Old Designator=Motor_1 New Designator=Header?
Change Component Physical Designator: Old Designator=Motor_2 New Designator=Header?
Change Component Physical Designator: Old Designator=Motor_3 New Designator=Header?
Change Component Physical Designator: Old Designator=Motor_4 New Designator=Header?
Change Component Physical Designator: Old Designator=MSwitch1 New Designator=S?
Change Component Physical Designator: Old Designator=MSwitch2 New Designator=S?
Change Component Physical Designator: Old Designator=MSwitch3 New Designator=S?
Change Component Physical Designator: Old Designator=P1 New Designator=Header?
Change Component Physical Designator: Old Designator=P2 New Designator=Header?
Change Component Physical Designator: Old Designator=P3 New Designator=Header?
Change Component Physical Designator: Old Designator=Power_On New Designator=LED?
Change Component Physical Designator: Old Designator=R1 New Designator=R?
Change Component Physical Designator: Old Designator=R2 New Designator=R?
Change Component Physical Designator: Old Designator=R3 New Designator=R?
Change Component Physical Designator: Old Designator=R4 New Designator=R?
Change Component Physical Designator: Old Designator=R5 New Designator=R?
Change Component Physical Designator: Old Designator=R13 New Designator=R?
Change Component Physical Designator: Old Designator=R14 New Designator=R?
Change Component Physical Designator: Old Designator=R15 New Designator=R?
Change Component Physical Designator: Old Designator=R16 New Designator=R?
Change Component Physical Designator: Old Designator=R17 New Designator=R?
Change Component Physical Designator: Old Designator=R18 New Designator=R?
Change Component Physical Designator: Old Designator=R19 New Designator=R?
Change Component Physical Designator: Old Designator=R20 New Designator=R?
Change Component Physical Designator: Old Designator=R21 New Designator=R?
Change Component Physical Designator: Old Designator=R24 New Designator=R?
Change Component Physical Designator: Old Designator=R25 New Designator=R?
Change Component Physical Designator: Old Designator=R26 New Designator=R?
Change Component Physical Designator: Old Designator=R27 New Designator=R?
Change Component Physical Designator: Old Designator=R28 New Designator=R?
Change Component Physical Designator: Old Designator=R29 New Designator=R?
Change Component Physical Designator: Old Designator=R30 New Designator=R?
Change Component Physical Designator: Old Designator=REG1 New Designator=REG?
Change Component Physical Designator: Old Designator=REG2 New Designator=REG?
Change Component Physical Designator: Old Designator=REG3 New Designator=REG?
Change Component Physical Designator: Old Designator=REG4 New Designator=REG?
Change Component Physical Designator: Old Designator=S1 New Designator=S?
Change Component Physical Designator: Old Designator=Sensor1 New Designator=IC?
Change Component Physical Designator: Old Designator=Sensor2 New Designator=IC?
Change Component Physical Designator: Old Designator=Sensor3 New Designator=Module?
Change Component Physical Designator: Old Designator=X1 New Designator=X?
Change Component Physical Designator: Old Designator=X2 New Designator=X?
Change Component Physical Designator: Old Designator=X3 New Designator=X?
Change Component Physical Designator: Old Designator=X4 New Designator=IC?
