Removed Pin From Net: NetName=VUSB Pin=IC_FPGA_A1-5
Removed Pin From Net: NetName=GND Pin=IC_FPGA_A1-6
Removed Pin From Net: NetName=TDO Pin=IC_FPGA_A1-10
Removed Pin From Net: NetName=TMS Pin=IC_FPGA_A1-11
Removed Pin From Net: NetName=TCK Pin=IC_FPGA_A1-12
Removed Pin From Net: NetName=TDI Pin=IC_FPGA_A1-13
Removed Pin From Net: NetName=DATAO Pin=IC_FPGA_A1-14
Removed Pin From Net: NetName=DCLK Pin=IC_FPGA_A1-15
Removed Pin From Net: NetName=NCE Pin=IC_FPGA_A1-16
Removed Pin From Net: NetName=25MHZ_CLOCK Pin=IC_FPGA_A1-17
Removed Pin From Net: NetName=GND Pin=IC_FPGA_A1-19
Removed Pin From Net: NetName=NCONFIG Pin=IC_FPGA_A1-20
Removed Pin From Net: NetName=CLOCK_SYNTH_0 Pin=IC_FPGA_A1-21
Removed Pin From Net: NetName=VUSB Pin=IC_FPGA_A1-23
Removed Pin From Net: NetName=+1.2V Pin=IC_FPGA_A1-26
Removed Pin From Net: NetName=GND Pin=IC_FPGA_A1-27
Removed Pin From Net: NetName=VUSB Pin=IC_FPGA_A1-29
Removed Pin From Net: NetName=GND Pin=IC_FPGA_A1-33
Removed Pin From Net: NetName=GND Pin=IC_FPGA_A1-34
Removed Pin From Net: NetName=+1.2V Pin=IC_FPGA_A1-35
Removed Pin From Net: NetName=GND Pin=IC_FPGA_A1-36
Removed Pin From Net: NetName=+1.2V Pin=IC_FPGA_A1-37
Removed Pin From Net: NetName=GND Pin=IC_FPGA_A1-38
Removed Pin From Net: NetName=GND Pin=IC_FPGA_A1-39
Removed Pin From Net: NetName=FPGA_SPI_CLOCK Pin=IC_FPGA_A1-40
Removed Pin From Net: NetName=FPGA_SPI_DATAIN Pin=IC_FPGA_A1-41
Removed Pin From Net: NetName=FPGA_SPI_DATAOUT Pin=IC_FPGA_A1-42
Removed Pin From Net: NetName=ACCEL_SCL Pin=IC_FPGA_A1-43
Removed Pin From Net: NetName=ACCEL_SDA Pin=IC_FPGA_A1-44
Removed Pin From Net: NetName=FPGA_SPI_/GYROCS Pin=IC_FPGA_A1-45
Removed Pin From Net: NetName=VUSB Pin=IC_FPGA_A1-46
Removed Pin From Net: NetName=GYRO_DRDY Pin=IC_FPGA_A1-47
Removed Pin From Net: NetName=GYRO_INT1 Pin=IC_FPGA_A1-48
Removed Pin From Net: NetName=GND Pin=IC_FPGA_A1-49
Removed Pin From Net: NetName=+1.2V Pin=IC_FPGA_A1-50
Removed Pin From Net: NetName=FPGA_SPI_/SRAMCS Pin=IC_FPGA_A1-51
Removed Pin From Net: NetName=FPGASRAM_/WP Pin=IC_FPGA_A1-52
Removed Pin From Net: NetName=ACCEL_SA0 Pin=IC_FPGA_A1-53
Removed Pin From Net: NetName=VUSB Pin=IC_FPGA_A1-54
Removed Pin From Net: NetName=ACCEL_INT1 Pin=IC_FPGA_A1-55
Removed Pin From Net: NetName=GND Pin=IC_FPGA_A1-56
Removed Pin From Net: NetName=ACCEL_INT2 Pin=IC_FPGA_A1-57
Removed Pin From Net: NetName=P58 Pin=IC_FPGA_A1-58
Removed Pin From Net: NetName=BULTRASONIC_TRIGGER Pin=IC_FPGA_A1-59
Removed Pin From Net: NetName=BULTRASONIC_EDGE Pin=IC_FPGA_A1-60
Removed Pin From Net: NetName=GND Pin=IC_FPGA_A1-61
Removed Pin From Net: NetName=+1.2V Pin=IC_FPGA_A1-62
Removed Pin From Net: NetName=BLED_ORANGE1 Pin=IC_FPGA_A1-63
Removed Pin From Net: NetName=BLED_ORANGE2 Pin=IC_FPGA_A1-64
Removed Pin From Net: NetName=BLED_ORANGE3 Pin=IC_FPGA_A1-65
Removed Pin From Net: NetName=VUSB Pin=IC_FPGA_A1-66
Removed Pin From Net: NetName=BLED_ORANGE4 Pin=IC_FPGA_A1-67
Removed Pin From Net: NetName=GND Pin=IC_FPGA_A1-68
Removed Pin From Net: NetName=BLED_BLUE1 Pin=IC_FPGA_A1-69
Removed Pin From Net: NetName=BLED_BLUE2 Pin=IC_FPGA_A1-70
Removed Pin From Net: NetName=BLED_BLUE3 Pin=IC_FPGA_A1-71
Removed Pin From Net: NetName=BLED_BLUE4 Pin=IC_FPGA_A1-72
Removed Pin From Net: NetName=CAMERA_SCL Pin=IC_FPGA_A1-73
Removed Pin From Net: NetName=CAMERA_SDA Pin=IC_FPGA_A1-74
Removed Pin From Net: NetName=CAMERA_RESET Pin=IC_FPGA_A1-75
Removed Pin From Net: NetName=+2.8V Pin=IC_FPGA_A1-77
Removed Pin From Net: NetName=GND Pin=IC_FPGA_A1-78
Removed Pin From Net: NetName=CAMERA_EXTCLK Pin=IC_FPGA_A1-79
Removed Pin From Net: NetName=GND Pin=IC_FPGA_A1-80
Removed Pin From Net: NetName=+1.2V Pin=IC_FPGA_A1-81
Removed Pin From Net: NetName=NSTATUS Pin=IC_FPGA_A1-82
Removed Pin From Net: NetName=CONF_DONE Pin=IC_FPGA_A1-83
Removed Pin From Net: NetName=MSEL1 Pin=IC_FPGA_A1-84
Removed Pin From Net: NetName=MSEL0 Pin=IC_FPGA_A1-85
Removed Pin From Net: NetName=CAMERA_HD Pin=IC_FPGA_A1-86
Removed Pin From Net: NetName=CAMERA_VD Pin=IC_FPGA_A1-87
Removed Pin From Net: NetName=CLOCK_SYNTH_1 Pin=IC_FPGA_A1-91
Removed Pin From Net: NetName=CAMERA_DCLK Pin=IC_FPGA_A1-92
Removed Pin From Net: NetName=CAMERA_DOUT0 Pin=IC_FPGA_A1-93
Removed Pin From Net: NetName=CAMERA_DOUT1 Pin=IC_FPGA_A1-94
Removed Pin From Net: NetName=+2.8V Pin=IC_FPGA_A1-95
Removed Pin From Net: NetName=CAMERA_DOUT2 Pin=IC_FPGA_A1-96
Removed Pin From Net: NetName=CAMERA_DOUT3 Pin=IC_FPGA_A1-97
Removed Pin From Net: NetName=GND Pin=IC_FPGA_A1-98
Removed Pin From Net: NetName=CAMERA_DOUT4 Pin=IC_FPGA_A1-99
Removed Pin From Net: NetName=CAMERA_DOUT5 Pin=IC_FPGA_A1-100
Removed Pin From Net: NetName=CAMERA_DOUT6 Pin=IC_FPGA_A1-101
Removed Pin From Net: NetName=+2.8V Pin=IC_FPGA_A1-102
Removed Pin From Net: NetName=CAMERA_DOUT7 Pin=IC_FPGA_A1-103
Removed Pin From Net: NetName=P104 Pin=IC_FPGA_A1-104
Removed Pin From Net: NetName=GND Pin=IC_FPGA_A1-105
Removed Pin From Net: NetName=GND Pin=IC_FPGA_A1-106
Removed Pin From Net: NetName=+1.2V Pin=IC_FPGA_A1-107
Removed Pin From Net: NetName=GND Pin=IC_FPGA_A1-108
Removed Pin From Net: NetName=+1.2V Pin=IC_FPGA_A1-109
Removed Pin From Net: NetName=GND Pin=IC_FPGA_A1-110
Removed Pin From Net: NetName=GND Pin=IC_FPGA_A1-111
Removed Pin From Net: NetName=FPGA_D0 Pin=IC_FPGA_A1-112
Removed Pin From Net: NetName=FPGA_D1 Pin=IC_FPGA_A1-113
Removed Pin From Net: NetName=FPGA_D2 Pin=IC_FPGA_A1-114
Removed Pin From Net: NetName=FPGA_D3 Pin=IC_FPGA_A1-115
Removed Pin From Net: NetName=VUSB Pin=IC_FPGA_A1-116
Removed Pin From Net: NetName=GND Pin=IC_FPGA_A1-117
Removed Pin From Net: NetName=FPGA_D4 Pin=IC_FPGA_A1-118
Removed Pin From Net: NetName=FPGA_D5 Pin=IC_FPGA_A1-119
Removed Pin From Net: NetName=FPGA_D6 Pin=IC_FPGA_A1-120
Removed Pin From Net: NetName=FPGA_D7 Pin=IC_FPGA_A1-121
Removed Pin From Net: NetName=FPGA_A-/D Pin=IC_FPGA_A1-122
Removed Pin From Net: NetName=GND Pin=IC_FPGA_A1-123
Removed Pin From Net: NetName=+1.2V Pin=IC_FPGA_A1-124
Removed Pin From Net: NetName=FPGA_R-/W Pin=IC_FPGA_A1-125
Removed Pin From Net: NetName=FPGA_OK-OUT Pin=IC_FPGA_A1-126
Removed Pin From Net: NetName=VUSB Pin=IC_FPGA_A1-127
Removed Pin From Net: NetName=GND Pin=IC_FPGA_A1-128
Removed Pin From Net: NetName=FPGA_OK-IN Pin=IC_FPGA_A1-129
Removed Pin From Net: NetName=GND Pin=IC_FPGA_A1-130
Removed Pin From Net: NetName=+1.2V Pin=IC_FPGA_A1-131
Removed Pin From Net: NetName=P132 Pin=IC_FPGA_A1-132
Removed Pin From Net: NetName=P133 Pin=IC_FPGA_A1-133
Removed Pin From Net: NetName=P134 Pin=IC_FPGA_A1-134
Removed Pin From Net: NetName=P135 Pin=IC_FPGA_A1-135
Removed Pin From Net: NetName=P136 Pin=IC_FPGA_A1-136
Removed Pin From Net: NetName=P137 Pin=IC_FPGA_A1-137
Removed Pin From Net: NetName=VUSB Pin=IC_FPGA_A1-138
Removed Pin From Net: NetName=P139 Pin=IC_FPGA_A1-139
Removed Pin From Net: NetName=GND Pin=IC_FPGA_A1-140
Removed Pin From Net: NetName=MOTOR_W1 Pin=IC_FPGA_A1-141
Removed Pin From Net: NetName=MOTOR_W2 Pin=IC_FPGA_A1-142
Removed Pin From Net: NetName=MOTOR_W3 Pin=IC_FPGA_A1-143
Removed Pin From Net: NetName=MOTOR_W4 Pin=IC_FPGA_A1-144
Removed Pin From Net: NetName=MCLR Pin=S1-1
Removed Pin From Net: NetName=MCLR Pin=S1-1
Added Component: Designator=IC_FPGA_A1(TQFP144_N)
Added Pin To Net: NetName=ASDO Pin=IC_FPGA_A1-1
Added Pin To Net: NetName=NCSO Pin=IC_FPGA_A1-2
Added Pin To Net: NetName=CONFSWITCH_1 Pin=IC_FPGA_A1-3
Added Pin To Net: NetName=CONFSWITCH_2 Pin=IC_FPGA_A1-4
Added Pin To Net: NetName=VUSB Pin=IC_FPGA_A1-5
Added Pin To Net: NetName=GND Pin=IC_FPGA_A1-6
Added Pin To Net: NetName=CONFSWITCH_3 Pin=IC_FPGA_A1-7
Added Pin To Net: NetName=CONFSWITCH_4 Pin=IC_FPGA_A1-8
Added Pin To Net: NetName=CONFSWITCH_5 Pin=IC_FPGA_A1-9
Added Pin To Net: NetName=TDO Pin=IC_FPGA_A1-10
Added Pin To Net: NetName=TMS Pin=IC_FPGA_A1-11
Added Pin To Net: NetName=TCK Pin=IC_FPGA_A1-12
Added Pin To Net: NetName=TDI Pin=IC_FPGA_A1-13
Added Pin To Net: NetName=DATAO Pin=IC_FPGA_A1-14
Added Pin To Net: NetName=DCLK Pin=IC_FPGA_A1-15
Added Pin To Net: NetName=NCE Pin=IC_FPGA_A1-16
Added Pin To Net: NetName=25MHZ_CLOCK Pin=IC_FPGA_A1-17
Added Pin To Net: NetName=GND Pin=IC_FPGA_A1-19
Added Pin To Net: NetName=NCONFIG Pin=IC_FPGA_A1-20
Added Pin To Net: NetName=CLOCK_SYNTH_0 Pin=IC_FPGA_A1-21
Added Pin To Net: NetName=VUSB Pin=IC_FPGA_A1-23
Added Pin To Net: NetName=CONFSWITCH_6 Pin=IC_FPGA_A1-24
Added Pin To Net: NetName=CONFSWITCH_7 Pin=IC_FPGA_A1-25
Added Pin To Net: NetName=+1.2V Pin=IC_FPGA_A1-26
Added Pin To Net: NetName=GND Pin=IC_FPGA_A1-27
Added Pin To Net: NetName=P28 Pin=IC_FPGA_A1-28
Added Pin To Net: NetName=VUSB Pin=IC_FPGA_A1-29
Added Pin To Net: NetName=P30 Pin=IC_FPGA_A1-30
Added Pin To Net: NetName=FULTRASONIC_TRIGGER Pin=IC_FPGA_A1-31
Added Pin To Net: NetName=FULTRASONIC_EDGE Pin=IC_FPGA_A1-32
Added Pin To Net: NetName=GND Pin=IC_FPGA_A1-33
Added Pin To Net: NetName=GND Pin=IC_FPGA_A1-34
Added Pin To Net: NetName=+1.2V Pin=IC_FPGA_A1-35
Added Pin To Net: NetName=GND Pin=IC_FPGA_A1-36
Added Pin To Net: NetName=+1.2V Pin=IC_FPGA_A1-37
Added Pin To Net: NetName=GND Pin=IC_FPGA_A1-38
Added Pin To Net: NetName=GND Pin=IC_FPGA_A1-39
Added Pin To Net: NetName=FPGA_SPI_CLOCK Pin=IC_FPGA_A1-40
Added Pin To Net: NetName=FPGA_SPI_DATAIN Pin=IC_FPGA_A1-41
Added Pin To Net: NetName=FPGA_SPI_DATAOUT Pin=IC_FPGA_A1-42
Added Pin To Net: NetName=ACCEL_SCL Pin=IC_FPGA_A1-43
Added Pin To Net: NetName=ACCEL_SDA Pin=IC_FPGA_A1-44
Added Pin To Net: NetName=FPGA_SPI_/GYROCS Pin=IC_FPGA_A1-45
Added Pin To Net: NetName=VUSB Pin=IC_FPGA_A1-46
Added Pin To Net: NetName=GYRO_DRDY Pin=IC_FPGA_A1-47
Added Pin To Net: NetName=GYRO_INT1 Pin=IC_FPGA_A1-48
Added Pin To Net: NetName=GND Pin=IC_FPGA_A1-49
Added Pin To Net: NetName=+1.2V Pin=IC_FPGA_A1-50
Added Pin To Net: NetName=FPGA_SPI_/SRAMCS Pin=IC_FPGA_A1-51
Added Pin To Net: NetName=FPGASRAM_/WP Pin=IC_FPGA_A1-52
Added Pin To Net: NetName=ACCEL_SA0 Pin=IC_FPGA_A1-53
Added Pin To Net: NetName=VUSB Pin=IC_FPGA_A1-54
Added Pin To Net: NetName=ACCEL_INT1 Pin=IC_FPGA_A1-55
Added Pin To Net: NetName=GND Pin=IC_FPGA_A1-56
Added Pin To Net: NetName=ACCEL_INT2 Pin=IC_FPGA_A1-57
Added Pin To Net: NetName=P58 Pin=IC_FPGA_A1-58
Added Pin To Net: NetName=BULTRASONIC_TRIGGER Pin=IC_FPGA_A1-59
Added Pin To Net: NetName=BULTRASONIC_EDGE Pin=IC_FPGA_A1-60
Added Pin To Net: NetName=GND Pin=IC_FPGA_A1-61
Added Pin To Net: NetName=+1.2V Pin=IC_FPGA_A1-62
Added Pin To Net: NetName=BLED_ORANGE1 Pin=IC_FPGA_A1-63
Added Pin To Net: NetName=BLED_ORANGE2 Pin=IC_FPGA_A1-64
Added Pin To Net: NetName=BLED_ORANGE3 Pin=IC_FPGA_A1-65
Added Pin To Net: NetName=VUSB Pin=IC_FPGA_A1-66
Added Pin To Net: NetName=BLED_ORANGE4 Pin=IC_FPGA_A1-67
Added Pin To Net: NetName=GND Pin=IC_FPGA_A1-68
Added Pin To Net: NetName=BLED_BLUE1 Pin=IC_FPGA_A1-69
Added Pin To Net: NetName=BLED_BLUE2 Pin=IC_FPGA_A1-70
Added Pin To Net: NetName=BLED_BLUE3 Pin=IC_FPGA_A1-71
Added Pin To Net: NetName=BLED_BLUE4 Pin=IC_FPGA_A1-72
Added Pin To Net: NetName=CAMERA_SCL Pin=IC_FPGA_A1-73
Added Pin To Net: NetName=CAMERA_SDA Pin=IC_FPGA_A1-74
Added Pin To Net: NetName=CAMERA_RESET Pin=IC_FPGA_A1-75
Added Pin To Net: NetName=+2.8V Pin=IC_FPGA_A1-77
Added Pin To Net: NetName=GND Pin=IC_FPGA_A1-78
Added Pin To Net: NetName=CAMERA_EXTCLK Pin=IC_FPGA_A1-79
Added Pin To Net: NetName=GND Pin=IC_FPGA_A1-80
Added Pin To Net: NetName=+1.2V Pin=IC_FPGA_A1-81
Added Pin To Net: NetName=NSTATUS Pin=IC_FPGA_A1-82
Added Pin To Net: NetName=CONF_DONE Pin=IC_FPGA_A1-83
Added Pin To Net: NetName=MSEL1 Pin=IC_FPGA_A1-84
Added Pin To Net: NetName=MSEL0 Pin=IC_FPGA_A1-85
Added Pin To Net: NetName=CAMERA_HD Pin=IC_FPGA_A1-86
Added Pin To Net: NetName=CAMERA_VD Pin=IC_FPGA_A1-87
Added Pin To Net: NetName=CLOCK_SYNTH_1 Pin=IC_FPGA_A1-91
Added Pin To Net: NetName=CAMERA_DCLK Pin=IC_FPGA_A1-92
Added Pin To Net: NetName=CAMERA_DOUT0 Pin=IC_FPGA_A1-93
Added Pin To Net: NetName=CAMERA_DOUT1 Pin=IC_FPGA_A1-94
Added Pin To Net: NetName=+2.8V Pin=IC_FPGA_A1-95
Added Pin To Net: NetName=CAMERA_DOUT2 Pin=IC_FPGA_A1-96
Added Pin To Net: NetName=CAMERA_DOUT3 Pin=IC_FPGA_A1-97
Added Pin To Net: NetName=GND Pin=IC_FPGA_A1-98
Added Pin To Net: NetName=CAMERA_DOUT4 Pin=IC_FPGA_A1-99
Added Pin To Net: NetName=CAMERA_DOUT5 Pin=IC_FPGA_A1-100
Added Pin To Net: NetName=CAMERA_DOUT6 Pin=IC_FPGA_A1-101
Added Pin To Net: NetName=+2.8V Pin=IC_FPGA_A1-102
Added Pin To Net: NetName=CAMERA_DOUT7 Pin=IC_FPGA_A1-103
Added Pin To Net: NetName=P104 Pin=IC_FPGA_A1-104
Added Pin To Net: NetName=GND Pin=IC_FPGA_A1-105
Added Pin To Net: NetName=GND Pin=IC_FPGA_A1-106
Added Pin To Net: NetName=+1.2V Pin=IC_FPGA_A1-107
Added Pin To Net: NetName=GND Pin=IC_FPGA_A1-108
Added Pin To Net: NetName=+1.2V Pin=IC_FPGA_A1-109
Added Pin To Net: NetName=GND Pin=IC_FPGA_A1-110
Added Pin To Net: NetName=GND Pin=IC_FPGA_A1-111
Added Pin To Net: NetName=FPGA_D0 Pin=IC_FPGA_A1-112
Added Pin To Net: NetName=FPGA_D1 Pin=IC_FPGA_A1-113
Added Pin To Net: NetName=FPGA_D2 Pin=IC_FPGA_A1-114
Added Pin To Net: NetName=FPGA_D3 Pin=IC_FPGA_A1-115
Added Pin To Net: NetName=VUSB Pin=IC_FPGA_A1-116
Added Pin To Net: NetName=GND Pin=IC_FPGA_A1-117
Added Pin To Net: NetName=FPGA_D4 Pin=IC_FPGA_A1-118
Added Pin To Net: NetName=FPGA_D5 Pin=IC_FPGA_A1-119
Added Pin To Net: NetName=FPGA_D6 Pin=IC_FPGA_A1-120
Added Pin To Net: NetName=FPGA_D7 Pin=IC_FPGA_A1-121
Added Pin To Net: NetName=FPGA_A-/D Pin=IC_FPGA_A1-122
Added Pin To Net: NetName=GND Pin=IC_FPGA_A1-123
Added Pin To Net: NetName=+1.2V Pin=IC_FPGA_A1-124
Added Pin To Net: NetName=FPGA_R-/W Pin=IC_FPGA_A1-125
Added Pin To Net: NetName=FPGA_OK-OUT Pin=IC_FPGA_A1-126
Added Pin To Net: NetName=VUSB Pin=IC_FPGA_A1-127
Added Pin To Net: NetName=GND Pin=IC_FPGA_A1-128
Added Pin To Net: NetName=FPGA_OK-IN Pin=IC_FPGA_A1-129
Added Pin To Net: NetName=GND Pin=IC_FPGA_A1-130
Added Pin To Net: NetName=+1.2V Pin=IC_FPGA_A1-131
Added Pin To Net: NetName=P132 Pin=IC_FPGA_A1-132
Added Pin To Net: NetName=P133 Pin=IC_FPGA_A1-133
Added Pin To Net: NetName=P134 Pin=IC_FPGA_A1-134
Added Pin To Net: NetName=P135 Pin=IC_FPGA_A1-135
Added Pin To Net: NetName=P136 Pin=IC_FPGA_A1-136
Added Pin To Net: NetName=P137 Pin=IC_FPGA_A1-137
Added Pin To Net: NetName=VUSB Pin=IC_FPGA_A1-138
Added Pin To Net: NetName=P139 Pin=IC_FPGA_A1-139
Added Pin To Net: NetName=GND Pin=IC_FPGA_A1-140
Added Pin To Net: NetName=MOTOR_W1 Pin=IC_FPGA_A1-141
Added Pin To Net: NetName=MOTOR_W2 Pin=IC_FPGA_A1-142
Added Pin To Net: NetName=MOTOR_W3 Pin=IC_FPGA_A1-143
Added Pin To Net: NetName=MOTOR_W4 Pin=IC_FPGA_A1-144
Added Pin To Net: NetName=GND Pin=S1-1
Added Pin To Net: NetName=GND Pin=S1-1
Added Pin To Net: NetName=MCLR Pin=S1-2
Added Pin To Net: NetName=MCLR Pin=S1-2
Added Member To Class: ClassName=FPGA_Clocks Member=Component IC_FPGA_A1 (IC_FPGA_A9A) EP2C8T144C8N
Added Member To Class: ClassName=FPGA_Core Member=Component IC_FPGA_A1 (IC_FPGA_A3A) EP2C8T144C8N
Added Member To Class: ClassName=FPGA_Core Member=Component IC_FPGA_A1 (IC_FPGA_A6A) EP2C8T144C8N
Added Member To Class: ClassName=FPGA_Core Member=Component IC_FPGA_A1 (IC_FPGA_A5A) EP2C8T144C8N
Added Member To Class: ClassName=FPGA_Core Member=Component IC_FPGA_A1 (IC_FPGA_A2A) EP2C8T144C8N
Added Member To Class: ClassName=FPGA_Core Member=Component IC_FPGA_A1 (IC_FPGA_A7A) EP2C8T144C8N
Added Member To Class: ClassName=FPGA_Core Member=Component IC_FPGA_A1 (IC_FPGA_A4A) EP2C8T144C8N
