Added Component: Designator=BB(HDR2X5)
Added Component: Designator=C1(RAD-0.3)
Added Component: Designator=C2(RAD-0.3)
Added Component: Designator=C3(RAD-0.3)
Added Component: Designator=C4(RAD-0.3)
Added Component: Designator=C5(RAD-0.3)
Added Component: Designator=C6(RAD-0.3)
Added Component: Designator=C7(RAD-0.3)
Added Component: Designator=C8(RAD-0.3)
Added Component: Designator=C9(RAD-0.3)
Added Component: Designator=C10(RAD-0.3)
Added Component: Designator=C11(RAD-0.3)
Added Component: Designator=C12(RAD-0.3)
Added Component: Designator=C13(RAD-0.3)
Added Component: Designator=C14(RAD-0.3)
Added Component: Designator=C15(RAD-0.3)
Added Component: Designator=C16(RAD-0.3)
Added Component: Designator=C17(RAD-0.3)
Added Component: Designator=C18(RAD-0.3)
Added Component: Designator=C19(RAD-0.3)
Added Component: Designator=C20(RAD-0.3)
Added Component: Designator=C21(RAD-0.3)
Added Component: Designator=C22(RAD-0.3)
Added Component: Designator=C23(RAD-0.3)
Added Component: Designator=C24(RAD-0.3)
Added Component: Designator=C25(RAD-0.3)
Added Component: Designator=C26(RAD-0.3)
Added Component: Designator=C27(RAD-0.3)
Added Component: Designator=C28(RAD-0.3)
Added Component: Designator=C29(RAD-0.3)
Added Component: Designator=C30(RAD-0.3)
Added Component: Designator=C31(RAD-0.3)
Added Component: Designator=C32(RAD-0.3)
Added Component: Designator=C33(RAD-0.3)
Added Component: Designator=C34(RAD-0.3)
Added Component: Designator=C35(RAD-0.3)
Added Component: Designator=C36(RAD-0.3)
Added Component: Designator=C37(RAD-0.3)
Added Component: Designator=C38(RAD-0.3)
Added Component: Designator=C39(RAD-0.3)
Added Component: Designator=C40(RAD-0.3)
Added Component: Designator=C41(RAD-0.3)
Added Component: Designator=C42(RAD-0.3)
Added Component: Designator=C43(RAD-0.3)
Added Component: Designator=C44(RAD-0.3)
Added Component: Designator=C45(RAD-0.3)
Added Component: Designator=C46(RAD-0.3)
Added Component: Designator=C47(RAD-0.3)
Added Component: Designator=C48(RAD-0.3)
Added Component: Designator=C49(RAD-0.3)
Added Component: Designator=C50(RAD-0.3)
Added Component: Designator=C51(RAD-0.3)
Added Component: Designator=C52(RAD-0.3)
Added Component: Designator=C53(RAD-0.3)
Added Component: Designator=C54(RAD-0.3)
Added Component: Designator=C55(RAD-0.3)
Added Component: Designator=C56(RAD-0.3)
Added Component: Designator=C57(RAD-0.3)
Added Component: Designator=C58(RAD-0.3)
Added Component: Designator=C59(RAD-0.3)
Added Component: Designator=C60(RAD-0.3)
Added Component: Designator=C61(RAD-0.3)
Added Component: Designator=C62(RAD-0.3)
Added Component: Designator=C63(RAD-0.3)
Added Component: Designator=C64(RAD-0.3)
Added Component: Designator=C65(RAD-0.3)
Added Component: Designator=C66(RAD-0.3)
Added Component: Designator=C67(RAD-0.3)
Added Component: Designator=C68(RAD-0.3)
Added Component: Designator=C69(RAD-0.3)
Added Component: Designator=C70(RAD-0.3)
Added Component: Designator=C71(RAD-0.3)
Added Component: Designator=C72(RAD-0.3)
Added Component: Designator=C73(RAD-0.3)
Added Component: Designator=C74(RAD-0.3)
Added Component: Designator=C75(RAD-0.3)
Added Component: Designator=C76(RAD-0.3)
Added Component: Designator=C77(RAD-0.3)
Added Component: Designator=C78(RAD-0.3)
Added Component: Designator=C79(RAD-0.3)
Added Component: Designator=Conn_Battery(HDR1X2)
Added Component: Designator=Conn_Wall(HDR1X2)
Added Component: Designator=ConSwitchPad1(DIP-8)
Added Component: Designator=D1(SMC)
Added Component: Designator=D2(SMC)
Added Component: Designator=D3(SMA)
Added Component: Designator=D4(3.2X2.7X1.1)
Added Component: Designator=D5(3.2X2.7X1.1)
Added Component: Designator=D6(LED-0)
Added Component: Designator=D7(3.2X2.7X1.1)
Added Component: Designator=D8(LED-0)
Added Component: Designator=D9(3.2X2.7X1.1)
Added Component: Designator=D10(LED-0)
Added Component: Designator=D11(3.2X2.7X1.1)
Added Component: Designator=D12(LED-0)
Added Component: Designator=D13(3.2X2.7X1.1)
Added Component: Designator=FPGARAM1(8CN4)
Added Component: Designator=IC_FPGA_A1(TQFP144_N)
Added Component: Designator=IC_Navigator(TQFP-PT100_N)
Added Component: Designator=J1(RAD-0.2)
Added Component: Designator=J2(RAD-0.2)
Added Component: Designator=JEPC(HDR2X5)
Added Component: Designator=Mini-USB1(440247)
Added Component: Designator=Module2(8CN4)
Added Component: Designator=Module8(P04A)
Added Component: Designator=Motor_1(HDR1X3H)
Added Component: Designator=Motor_2(HDR1X3H)
Added Component: Designator=Motor_3(HDR1X3H)
Added Component: Designator=Motor_4(HDR1X3H)
Added Component: Designator=MSwitch1(SPST-2)
Added Component: Designator=MSwitch2(SPST-2)
Added Component: Designator=MSwitch3(SPST-2)
Added Component: Designator=P1(HDR2X20H)
Added Component: Designator=P2(HDR1X6)
Added Component: Designator=P3(HDR2X20H)
Added Component: Designator=Power_On(3.5X2.8X1.9)
Added Component: Designator=R1(AXIAL-0.4)
Added Component: Designator=R2(AXIAL-0.4)
Added Component: Designator=R3(AXIAL-0.4)
Added Component: Designator=R4(AXIAL-0.4)
Added Component: Designator=R5(AXIAL-0.4)
Added Component: Designator=R6(AXIAL-0.4)
Added Component: Designator=R7(AXIAL-0.4)
Added Component: Designator=R8(AXIAL-0.4)
Added Component: Designator=R9(AXIAL-0.4)
Added Component: Designator=R10(AXIAL-0.4)
Added Component: Designator=R11(AXIAL-0.4)
Added Component: Designator=R12(AXIAL-0.4)
Added Component: Designator=R13(AXIAL-0.4)
Added Component: Designator=R14(AXIAL-0.4)
Added Component: Designator=R15(AXIAL-0.4)
Added Component: Designator=R16(AXIAL-0.4)
Added Component: Designator=R17(AXIAL-0.4)
Added Component: Designator=R18(AXIAL-0.4)
Added Component: Designator=R19(AXIAL-0.4)
Added Component: Designator=R20(AXIAL-0.4)
Added Component: Designator=R21(AXIAL-0.4)
Added Component: Designator=R22(AXIAL-0.4)
Added Component: Designator=R23(AXIAL-0.4)
Added Component: Designator=R24(AXIAL-0.4)
Added Component: Designator=R25(AXIAL-0.4)
Added Component: Designator=R26(AXIAL-0.4)
Added Component: Designator=R27(AXIAL-0.4)
Added Component: Designator=R28(AXIAL-0.4)
Added Component: Designator=R29(AXIAL-0.4)
Added Component: Designator=R30(AXIAL-0.4)
Added Component: Designator=R31(AXIAL-0.4)
Added Component: Designator=R32(AXIAL-0.4)
Added Component: Designator=R33(AXIAL-0.4)
Added Component: Designator=R34(AXIAL-0.4)
Added Component: Designator=R35(AXIAL-0.4)
Added Component: Designator=R36(AXIAL-0.4)
Added Component: Designator=R37(AXIAL-0.4)
Added Component: Designator=R38(AXIAL-0.4)
Added Component: Designator=R39(AXIAL-0.4)
Added Component: Designator=R40(AXIAL-0.4)
Added Component: Designator=R41(AXIAL-0.4)
Added Component: Designator=R42(AXIAL-0.4)
Added Component: Designator=R43(AXIAL-0.4)
Added Component: Designator=R44(AXIAL-0.4)
Added Component: Designator=R45(AXIAL-0.4)
Added Component: Designator=R46(AXIAL-0.4)
Added Component: Designator=R47(AXIAL-0.4)
Added Component: Designator=R48(AXIAL-0.4)
Added Component: Designator=R49(AXIAL-0.4)
Added Component: Designator=R50(AXIAL-0.4)
Added Component: Designator=R51(AXIAL-0.4)
Added Component: Designator=Sensor3(P04A)
Added Component: Designator=X1(BCY-F2/Z13)
Added Component: Designator=X4(SO8_L)
Added Pin To Net: NetName=+1.2V Pin=C11-2
Added Pin To Net: NetName=+1.2V Pin=C56-1
Added Pin To Net: NetName=+1.2V Pin=C60-1
Added Pin To Net: NetName=+1.2V Pin=C65-1
Added Pin To Net: NetName=+1.2V Pin=C69-1
Added Pin To Net: NetName=+1.2V Pin=C73-1
Added Pin To Net: NetName=+1.2V Pin=C76-1
Added Pin To Net: NetName=+1.2V Pin=C77-1
Added Pin To Net: NetName=+1.2V Pin=IC_FPGA_A1-26
Added Pin To Net: NetName=+1.2V Pin=IC_FPGA_A1-35
Added Pin To Net: NetName=+1.2V Pin=IC_FPGA_A1-37
Added Pin To Net: NetName=+1.2V Pin=IC_FPGA_A1-50
Added Pin To Net: NetName=+1.2V Pin=IC_FPGA_A1-62
Added Pin To Net: NetName=+1.2V Pin=IC_FPGA_A1-81
Added Pin To Net: NetName=+1.2V Pin=IC_FPGA_A1-107
Added Pin To Net: NetName=+1.2V Pin=IC_FPGA_A1-109
Added Pin To Net: NetName=+1.2V Pin=IC_FPGA_A1-124
Added Pin To Net: NetName=+1.2V Pin=IC_FPGA_A1-131
Added Pin To Net: NetName=+1.2V Pin=P1-2
Added Net: Name=+1.2V
Added Pin To Net: NetName=+1.5V Pin=C9-2
Added Pin To Net: NetName=+1.5V Pin=P1-4
Added Net: Name=+1.5V
Added Pin To Net: NetName=+2.8V Pin=C8-2
Added Pin To Net: NetName=+2.8V Pin=C57-1
Added Pin To Net: NetName=+2.8V Pin=C61-1
Added Pin To Net: NetName=+2.8V Pin=C66-1
Added Pin To Net: NetName=+2.8V Pin=C70-1
Added Pin To Net: NetName=+2.8V Pin=IC_FPGA_A1-77
Added Pin To Net: NetName=+2.8V Pin=IC_FPGA_A1-95
Added Pin To Net: NetName=+2.8V Pin=IC_FPGA_A1-102
Added Pin To Net: NetName=+2.8V Pin=P1-6
Added Net: Name=+2.8V
Added Pin To Net: NetName=+5.0V Pin=C4-2
Added Pin To Net: NetName=+5.0V Pin=C7-2
Added Pin To Net: NetName=+5.0V Pin=C10-2
Added Pin To Net: NetName=+5.0V Pin=C14-1
Added Pin To Net: NetName=+5.0V Pin=C23-2
Added Pin To Net: NetName=+5.0V Pin=C24-2
Added Pin To Net: NetName=+5.0V Pin=C25-2
Added Pin To Net: NetName=+5.0V Pin=C78-2
Added Pin To Net: NetName=+5.0V Pin=C79-2
Added Pin To Net: NetName=+5.0V Pin=J1-2
Added Pin To Net: NetName=+5.0V Pin=J2-2
Added Pin To Net: NetName=+5.0V Pin=P1-10
Added Pin To Net: NetName=+5.0V Pin=R50-1
Added Pin To Net: NetName=+5.0V Pin=R51-1
Added Pin To Net: NetName=+5.0V Pin=X4-2
Added Net: Name=+5.0V
Added Pin To Net: NetName=/+1.2V Pin=P3-2
Added Net: Name=/+1.2V
Added Pin To Net: NetName=/+1.5V Pin=C50-1
Added Pin To Net: NetName=/+1.5V Pin=P3-4
Added Net: Name=/+1.5V
Added Pin To Net: NetName=/+2.8V Pin=C51-1
Added Pin To Net: NetName=/+2.8V Pin=C52-1
Added Pin To Net: NetName=/+2.8V Pin=P3-6
Added Pin To Net: NetName=/+2.8V Pin=R29-1
Added Pin To Net: NetName=/+2.8V Pin=R30-2
Added Net: Name=/+2.8V
Added Pin To Net: NetName=/+3.3V Pin=P3-8
Added Net: Name=/+3.3V
Added Pin To Net: NetName=/+5.0V Pin=C53-2
Added Pin To Net: NetName=/+5.0V Pin=C54-2
Added Pin To Net: NetName=/+5.0V Pin=C55-2
Added Pin To Net: NetName=/+5.0V Pin=P3-10
Added Net: Name=/+5.0V
Added Pin To Net: NetName=/BLED_BLUE1 Pin=D6-1
Added Pin To Net: NetName=/BLED_BLUE1 Pin=P3-34
Added Net: Name=/BLED_BLUE1
Added Pin To Net: NetName=/BLED_BLUE2 Pin=D8-1
Added Pin To Net: NetName=/BLED_BLUE2 Pin=P3-36
Added Net: Name=/BLED_BLUE2
Added Pin To Net: NetName=/BLED_BLUE3 Pin=D10-1
Added Pin To Net: NetName=/BLED_BLUE3 Pin=P3-38
Added Net: Name=/BLED_BLUE3
Added Pin To Net: NetName=/BLED_BLUE4 Pin=D12-1
Added Pin To Net: NetName=/BLED_BLUE4 Pin=P3-40
Added Net: Name=/BLED_BLUE4
Added Pin To Net: NetName=/BLED_ORANGE1 Pin=D7-1
Added Pin To Net: NetName=/BLED_ORANGE1 Pin=D7-3
Added Pin To Net: NetName=/BLED_ORANGE1 Pin=P3-26
Added Net: Name=/BLED_ORANGE1
Added Pin To Net: NetName=/BLED_ORANGE2 Pin=D9-1
Added Pin To Net: NetName=/BLED_ORANGE2 Pin=D9-3
Added Pin To Net: NetName=/BLED_ORANGE2 Pin=P3-28
Added Net: Name=/BLED_ORANGE2
Added Pin To Net: NetName=/BLED_ORANGE3 Pin=D11-1
Added Pin To Net: NetName=/BLED_ORANGE3 Pin=D11-3
Added Pin To Net: NetName=/BLED_ORANGE3 Pin=P3-30
Added Net: Name=/BLED_ORANGE3
Added Pin To Net: NetName=/BLED_ORANGE4 Pin=D13-1
Added Pin To Net: NetName=/BLED_ORANGE4 Pin=D13-3
Added Pin To Net: NetName=/BLED_ORANGE4 Pin=P3-32
Added Net: Name=/BLED_ORANGE4
Added Pin To Net: NetName=/CAMERA_DCLK Pin=P3-23
Added Net: Name=/CAMERA_DCLK
Added Pin To Net: NetName=/CAMERA_DOUT0 Pin=P3-25
Added Net: Name=/CAMERA_DOUT0
Added Pin To Net: NetName=/CAMERA_DOUT1 Pin=P3-27
Added Net: Name=/CAMERA_DOUT1
Added Pin To Net: NetName=/CAMERA_DOUT2 Pin=P3-29
Added Net: Name=/CAMERA_DOUT2
Added Pin To Net: NetName=/CAMERA_DOUT3 Pin=P3-31
Added Net: Name=/CAMERA_DOUT3
Added Pin To Net: NetName=/CAMERA_DOUT4 Pin=P3-33
Added Net: Name=/CAMERA_DOUT4
Added Pin To Net: NetName=/CAMERA_DOUT5 Pin=P3-35
Added Net: Name=/CAMERA_DOUT5
Added Pin To Net: NetName=/CAMERA_DOUT6 Pin=P3-37
Added Net: Name=/CAMERA_DOUT6
Added Pin To Net: NetName=/CAMERA_DOUT7 Pin=P3-39
Added Net: Name=/CAMERA_DOUT7
Added Pin To Net: NetName=/CAMERA_EXTCLK Pin=P3-17
Added Net: Name=/CAMERA_EXTCLK
Added Pin To Net: NetName=/CAMERA_HD Pin=P3-19
Added Net: Name=/CAMERA_HD
Added Pin To Net: NetName=/CAMERA_RESET Pin=P3-15
Added Pin To Net: NetName=/CAMERA_RESET Pin=R28-2
Added Net: Name=/CAMERA_RESET
Added Pin To Net: NetName=/CAMERA_SCL Pin=P3-11
Added Pin To Net: NetName=/CAMERA_SCL Pin=R30-1
Added Net: Name=/CAMERA_SCL
Added Pin To Net: NetName=/CAMERA_SDA Pin=P3-13
Added Pin To Net: NetName=/CAMERA_SDA Pin=R29-2
Added Net: Name=/CAMERA_SDA
Added Pin To Net: NetName=/CAMERA_VD Pin=P3-21
Added Net: Name=/CAMERA_VD
Added Pin To Net: NetName=/GND Pin=C50-2
Added Pin To Net: NetName=/GND Pin=C51-2
Added Pin To Net: NetName=/GND Pin=C52-2
Added Pin To Net: NetName=/GND Pin=C53-1
Added Pin To Net: NetName=/GND Pin=C54-1
Added Pin To Net: NetName=/GND Pin=C55-1
Added Pin To Net: NetName=/GND Pin=Module8-3
Added Pin To Net: NetName=/GND Pin=P3-1
Added Pin To Net: NetName=/GND Pin=P3-3
Added Pin To Net: NetName=/GND Pin=P3-5
Added Pin To Net: NetName=/GND Pin=P3-7
Added Pin To Net: NetName=/GND Pin=P3-9
Added Pin To Net: NetName=/GND Pin=R28-1
Added Pin To Net: NetName=/GND Pin=R31-2
Added Pin To Net: NetName=/GND Pin=R32-2
Added Pin To Net: NetName=/GND Pin=R33-2
Added Pin To Net: NetName=/GND Pin=R34-2
Added Pin To Net: NetName=/GND Pin=R35-2
Added Pin To Net: NetName=/GND Pin=R36-2
Added Pin To Net: NetName=/GND Pin=R37-2
Added Pin To Net: NetName=/GND Pin=R38-2
Added Net: Name=/GND
Added Pin To Net: NetName=/ULTRASONIC_EDGE Pin=Module8-2
Added Pin To Net: NetName=/ULTRASONIC_EDGE Pin=P3-16
Added Net: Name=/ULTRASONIC_EDGE
Added Pin To Net: NetName=/ULTRASONIC_TRIGGER Pin=Module8-1
Added Pin To Net: NetName=/ULTRASONIC_TRIGGER Pin=P3-14
Added Net: Name=/ULTRASONIC_TRIGGER
Added Pin To Net: NetName=25MHZ_CLOCK Pin=IC_FPGA_A1-17
Added Net: Name=25MHZ_CLOCK
Added Pin To Net: NetName=ACCEL_INT1 Pin=IC_FPGA_A1-55
Added Net: Name=ACCEL_INT1
Added Pin To Net: NetName=ACCEL_INT2 Pin=IC_FPGA_A1-57
Added Net: Name=ACCEL_INT2
Added Pin To Net: NetName=ACCEL_SA0 Pin=IC_FPGA_A1-53
Added Net: Name=ACCEL_SA0
Added Pin To Net: NetName=ACCEL_SCL Pin=IC_FPGA_A1-43
Added Pin To Net: NetName=ACCEL_SCL Pin=R3-1
Added Net: Name=ACCEL_SCL
Added Pin To Net: NetName=ACCEL_SDA Pin=IC_FPGA_A1-44
Added Pin To Net: NetName=ACCEL_SDA Pin=R4-2
Added Net: Name=ACCEL_SDA
Added Pin To Net: NetName=ASDO Pin=IC_FPGA_A1-1
Added Pin To Net: NetName=ASDO Pin=JEPC-9
Added Net: Name=ASDO
Added Pin To Net: NetName=BAROMETER_/CS Pin=IC_Navigator-76
Added Net: Name=BAROMETER_/CS
Added Pin To Net: NetName=BAROMETER_/SHDN Pin=IC_Navigator-38
Added Net: Name=BAROMETER_/SHDN
Added Pin To Net: NetName=BAROMETER_DIN Pin=IC_Navigator-72
Added Pin To Net: NetName=BAROMETER_DIN Pin=Module2-4
Added Net: Name=BAROMETER_DIN
Added Pin To Net: NetName=BAROMETER_DOUT Pin=IC_Navigator-9
Added Pin To Net: NetName=BAROMETER_DOUT Pin=Module2-1
Added Net: Name=BAROMETER_DOUT
Added Pin To Net: NetName=BAROMETER_SCLK Pin=IC_Navigator-70
Added Pin To Net: NetName=BAROMETER_SCLK Pin=Module2-5
Added Net: Name=BAROMETER_SCLK
Added Pin To Net: NetName=BLED_BLUE1 Pin=IC_FPGA_A1-69
Added Pin To Net: NetName=BLED_BLUE1 Pin=P1-34
Added Net: Name=BLED_BLUE1
Added Pin To Net: NetName=BLED_BLUE2 Pin=IC_FPGA_A1-70
Added Pin To Net: NetName=BLED_BLUE2 Pin=P1-36
Added Net: Name=BLED_BLUE2
Added Pin To Net: NetName=BLED_BLUE3 Pin=IC_FPGA_A1-71
Added Pin To Net: NetName=BLED_BLUE3 Pin=P1-38
Added Net: Name=BLED_BLUE3
Added Pin To Net: NetName=BLED_BLUE4 Pin=IC_FPGA_A1-72
Added Pin To Net: NetName=BLED_BLUE4 Pin=P1-40
Added Net: Name=BLED_BLUE4
Added Pin To Net: NetName=BLED_ORANGE1 Pin=IC_FPGA_A1-63
Added Pin To Net: NetName=BLED_ORANGE1 Pin=P1-26
Added Net: Name=BLED_ORANGE1
Added Pin To Net: NetName=BLED_ORANGE2 Pin=IC_FPGA_A1-64
Added Pin To Net: NetName=BLED_ORANGE2 Pin=P1-28
Added Net: Name=BLED_ORANGE2
Added Pin To Net: NetName=BLED_ORANGE3 Pin=IC_FPGA_A1-65
Added Pin To Net: NetName=BLED_ORANGE3 Pin=P1-30
Added Net: Name=BLED_ORANGE3
Added Pin To Net: NetName=BLED_ORANGE4 Pin=IC_FPGA_A1-67
Added Pin To Net: NetName=BLED_ORANGE4 Pin=P1-32
Added Net: Name=BLED_ORANGE4
Added Pin To Net: NetName=BULTRASONIC_EDGE Pin=IC_FPGA_A1-60
Added Pin To Net: NetName=BULTRASONIC_EDGE Pin=P1-16
Added Net: Name=BULTRASONIC_EDGE
Added Pin To Net: NetName=BULTRASONIC_TRIGGER Pin=IC_FPGA_A1-59
Added Pin To Net: NetName=BULTRASONIC_TRIGGER Pin=P1-14
Added Net: Name=BULTRASONIC_TRIGGER
Added Pin To Net: NetName=CAMERA_DCLK Pin=IC_FPGA_A1-92
Added Pin To Net: NetName=CAMERA_DCLK Pin=P1-23
Added Net: Name=CAMERA_DCLK
Added Pin To Net: NetName=CAMERA_DOUT0 Pin=IC_FPGA_A1-93
Added Pin To Net: NetName=CAMERA_DOUT0 Pin=P1-25
Added Net: Name=CAMERA_DOUT0
Added Pin To Net: NetName=CAMERA_DOUT1 Pin=IC_FPGA_A1-94
Added Pin To Net: NetName=CAMERA_DOUT1 Pin=P1-27
Added Net: Name=CAMERA_DOUT1
Added Pin To Net: NetName=CAMERA_DOUT2 Pin=IC_FPGA_A1-96
Added Pin To Net: NetName=CAMERA_DOUT2 Pin=P1-29
Added Net: Name=CAMERA_DOUT2
Added Pin To Net: NetName=CAMERA_DOUT3 Pin=IC_FPGA_A1-97
Added Pin To Net: NetName=CAMERA_DOUT3 Pin=P1-31
Added Net: Name=CAMERA_DOUT3
Added Pin To Net: NetName=CAMERA_DOUT4 Pin=IC_FPGA_A1-99
Added Pin To Net: NetName=CAMERA_DOUT4 Pin=P1-33
Added Net: Name=CAMERA_DOUT4
Added Pin To Net: NetName=CAMERA_DOUT5 Pin=IC_FPGA_A1-100
Added Pin To Net: NetName=CAMERA_DOUT5 Pin=P1-35
Added Net: Name=CAMERA_DOUT5
Added Pin To Net: NetName=CAMERA_DOUT6 Pin=IC_FPGA_A1-101
Added Pin To Net: NetName=CAMERA_DOUT6 Pin=P1-37
Added Net: Name=CAMERA_DOUT6
Added Pin To Net: NetName=CAMERA_DOUT7 Pin=IC_FPGA_A1-103
Added Pin To Net: NetName=CAMERA_DOUT7 Pin=P1-39
Added Net: Name=CAMERA_DOUT7
Added Pin To Net: NetName=CAMERA_EXTCLK Pin=IC_FPGA_A1-79
Added Pin To Net: NetName=CAMERA_EXTCLK Pin=P1-17
Added Net: Name=CAMERA_EXTCLK
Added Pin To Net: NetName=CAMERA_HD Pin=IC_FPGA_A1-86
Added Pin To Net: NetName=CAMERA_HD Pin=P1-19
Added Net: Name=CAMERA_HD
Added Pin To Net: NetName=CAMERA_RESET Pin=IC_FPGA_A1-75
Added Pin To Net: NetName=CAMERA_RESET Pin=P1-15
Added Net: Name=CAMERA_RESET
Added Pin To Net: NetName=CAMERA_SCL Pin=IC_FPGA_A1-73
Added Pin To Net: NetName=CAMERA_SCL Pin=P1-11
Added Net: Name=CAMERA_SCL
Added Pin To Net: NetName=CAMERA_SDA Pin=IC_FPGA_A1-74
Added Pin To Net: NetName=CAMERA_SDA Pin=P1-13
Added Net: Name=CAMERA_SDA
Added Pin To Net: NetName=CAMERA_VD Pin=IC_FPGA_A1-87
Added Pin To Net: NetName=CAMERA_VD Pin=P1-21
Added Net: Name=CAMERA_VD
Added Pin To Net: NetName=CLOCK_SYNTH_0 Pin=IC_FPGA_A1-21
Added Pin To Net: NetName=CLOCK_SYNTH_0 Pin=X4-1
Added Net: Name=CLOCK_SYNTH_0
Added Pin To Net: NetName=CLOCK_SYNTH_1 Pin=IC_FPGA_A1-91
Added Net: Name=CLOCK_SYNTH_1
Added Pin To Net: NetName=CONF_DONE Pin=IC_FPGA_A1-83
Added Pin To Net: NetName=CONF_DONE Pin=JEPC-3
Added Pin To Net: NetName=CONF_DONE Pin=R39-1
Added Net: Name=CONF_DONE
Added Pin To Net: NetName=CONFSWITCH_1 Pin=ConSwitchPad1-8
Added Pin To Net: NetName=CONFSWITCH_1 Pin=IC_FPGA_A1-3
Added Pin To Net: NetName=CONFSWITCH_1 Pin=R9-1
Added Net: Name=CONFSWITCH_1
Added Pin To Net: NetName=CONFSWITCH_2 Pin=ConSwitchPad1-7
Added Pin To Net: NetName=CONFSWITCH_2 Pin=IC_FPGA_A1-4
Added Pin To Net: NetName=CONFSWITCH_2 Pin=R8-1
Added Net: Name=CONFSWITCH_2
Added Pin To Net: NetName=CONFSWITCH_3 Pin=ConSwitchPad1-6
Added Pin To Net: NetName=CONFSWITCH_3 Pin=IC_FPGA_A1-7
Added Pin To Net: NetName=CONFSWITCH_3 Pin=R7-1
Added Net: Name=CONFSWITCH_3
Added Pin To Net: NetName=CONFSWITCH_4 Pin=ConSwitchPad1-5
Added Pin To Net: NetName=CONFSWITCH_4 Pin=IC_FPGA_A1-8
Added Pin To Net: NetName=CONFSWITCH_4 Pin=R6-1
Added Net: Name=CONFSWITCH_4
Added Pin To Net: NetName=CONFSWITCH_5 Pin=IC_FPGA_A1-9
Added Pin To Net: NetName=CONFSWITCH_5 Pin=MSwitch1-2
Added Pin To Net: NetName=CONFSWITCH_5 Pin=R12-1
Added Net: Name=CONFSWITCH_5
Added Pin To Net: NetName=CONFSWITCH_6 Pin=IC_FPGA_A1-24
Added Pin To Net: NetName=CONFSWITCH_6 Pin=MSwitch2-2
Added Pin To Net: NetName=CONFSWITCH_6 Pin=R11-1
Added Net: Name=CONFSWITCH_6
Added Pin To Net: NetName=CONFSWITCH_7 Pin=IC_FPGA_A1-25
Added Pin To Net: NetName=CONFSWITCH_7 Pin=MSwitch3-2
Added Pin To Net: NetName=CONFSWITCH_7 Pin=R10-1
Added Net: Name=CONFSWITCH_7
Added Pin To Net: NetName=DATAO Pin=IC_FPGA_A1-14
Added Pin To Net: NetName=DATAO Pin=JEPC-7
Added Net: Name=DATAO
Added Pin To Net: NetName=DCLK Pin=IC_FPGA_A1-15
Added Pin To Net: NetName=DCLK Pin=JEPC-1
Added Net: Name=DCLK
Added Pin To Net: NetName=DS1085_SCL Pin=IC_Navigator-66
Added Pin To Net: NetName=DS1085_SCL Pin=R18-1
Added Pin To Net: NetName=DS1085_SCL Pin=R50-2
Added Pin To Net: NetName=DS1085_SCL Pin=X4-7
Added Net: Name=DS1085_SCL
Added Pin To Net: NetName=DS1085_SDA Pin=IC_Navigator-67
Added Pin To Net: NetName=DS1085_SDA Pin=R19-1
Added Pin To Net: NetName=DS1085_SDA Pin=R51-2
Added Pin To Net: NetName=DS1085_SDA Pin=X4-6
Added Net: Name=DS1085_SDA
Added Pin To Net: NetName=FPGA_A-/D Pin=IC_FPGA_A1-122
Added Pin To Net: NetName=FPGA_A-/D Pin=IC_Navigator-18
Added Net: Name=FPGA_A-/D
Added Pin To Net: NetName=FPGA_D0 Pin=IC_FPGA_A1-112
Added Pin To Net: NetName=FPGA_D0 Pin=IC_Navigator-93
Added Net: Name=FPGA_D0
Added Pin To Net: NetName=FPGA_D1 Pin=IC_FPGA_A1-113
Added Pin To Net: NetName=FPGA_D1 Pin=IC_Navigator-94
Added Net: Name=FPGA_D1
Added Pin To Net: NetName=FPGA_D2 Pin=IC_FPGA_A1-114
Added Pin To Net: NetName=FPGA_D2 Pin=IC_Navigator-98
Added Net: Name=FPGA_D2
Added Pin To Net: NetName=FPGA_D3 Pin=IC_FPGA_A1-115
Added Pin To Net: NetName=FPGA_D3 Pin=IC_Navigator-99
Added Net: Name=FPGA_D3
Added Pin To Net: NetName=FPGA_D4 Pin=IC_FPGA_A1-118
Added Pin To Net: NetName=FPGA_D4 Pin=IC_Navigator-100
Added Net: Name=FPGA_D4
Added Pin To Net: NetName=FPGA_D5 Pin=IC_FPGA_A1-119
Added Pin To Net: NetName=FPGA_D5 Pin=IC_Navigator-3
Added Net: Name=FPGA_D5
Added Pin To Net: NetName=FPGA_D6 Pin=IC_FPGA_A1-120
Added Pin To Net: NetName=FPGA_D6 Pin=IC_Navigator-4
Added Net: Name=FPGA_D6
Added Pin To Net: NetName=FPGA_D7 Pin=IC_FPGA_A1-121
Added Pin To Net: NetName=FPGA_D7 Pin=IC_Navigator-5
Added Net: Name=FPGA_D7
Added Pin To Net: NetName=FPGA_OK-IN Pin=IC_FPGA_A1-129
Added Pin To Net: NetName=FPGA_OK-IN Pin=IC_Navigator-88
Added Net: Name=FPGA_OK-IN
Added Pin To Net: NetName=FPGA_OK-OUT Pin=IC_FPGA_A1-126
Added Pin To Net: NetName=FPGA_OK-OUT Pin=IC_Navigator-87
Added Net: Name=FPGA_OK-OUT
Added Pin To Net: NetName=FPGA_R-/W Pin=IC_FPGA_A1-125
Added Pin To Net: NetName=FPGA_R-/W Pin=IC_Navigator-19
Added Net: Name=FPGA_R-/W
Added Pin To Net: NetName=FPGA_SPI_/GYROCS Pin=IC_FPGA_A1-45
Added Net: Name=FPGA_SPI_/GYROCS
Added Pin To Net: NetName=FPGA_SPI_/SRAMCS Pin=IC_FPGA_A1-51
Added Net: Name=FPGA_SPI_/SRAMCS
Added Pin To Net: NetName=FPGA_SPI_CLOCK Pin=FPGARAM1-5
Added Pin To Net: NetName=FPGA_SPI_CLOCK Pin=IC_FPGA_A1-40
Added Net: Name=FPGA_SPI_CLOCK
Added Pin To Net: NetName=FPGA_SPI_DATAIN Pin=FPGARAM1-4
Added Pin To Net: NetName=FPGA_SPI_DATAIN Pin=IC_FPGA_A1-41
Added Net: Name=FPGA_SPI_DATAIN
Added Pin To Net: NetName=FPGA_SPI_DATAOUT Pin=FPGARAM1-1
Added Pin To Net: NetName=FPGA_SPI_DATAOUT Pin=IC_FPGA_A1-42
Added Net: Name=FPGA_SPI_DATAOUT
Added Pin To Net: NetName=FPGASRAM_/WP Pin=FPGARAM1-2
Added Pin To Net: NetName=FPGASRAM_/WP Pin=IC_FPGA_A1-52
Added Net: Name=FPGASRAM_/WP
Added Pin To Net: NetName=FULTRASONIC_EDGE Pin=IC_FPGA_A1-32
Added Pin To Net: NetName=FULTRASONIC_EDGE Pin=Sensor3-2
Added Net: Name=FULTRASONIC_EDGE
Added Pin To Net: NetName=FULTRASONIC_TRIGGER Pin=IC_FPGA_A1-31
Added Pin To Net: NetName=FULTRASONIC_TRIGGER Pin=Sensor3-1
Added Net: Name=FULTRASONIC_TRIGGER
Added Pin To Net: NetName=GND Pin=BB-2
Added Pin To Net: NetName=GND Pin=BB-10
Added Pin To Net: NetName=GND Pin=C1-1
Added Pin To Net: NetName=GND Pin=C2-1
Added Pin To Net: NetName=GND Pin=C3-1
Added Pin To Net: NetName=GND Pin=C4-1
Added Pin To Net: NetName=GND Pin=C5-1
Added Pin To Net: NetName=GND Pin=C6-2
Added Pin To Net: NetName=GND Pin=C7-1
Added Pin To Net: NetName=GND Pin=C8-1
Added Pin To Net: NetName=GND Pin=C9-1
Added Pin To Net: NetName=GND Pin=C10-1
Added Pin To Net: NetName=GND Pin=C11-1
Added Pin To Net: NetName=GND Pin=C12-1
Added Pin To Net: NetName=GND Pin=C13-1
Added Pin To Net: NetName=GND Pin=C14-2
Added Pin To Net: NetName=GND Pin=C15-1
Added Pin To Net: NetName=GND Pin=C17-2
Added Pin To Net: NetName=GND Pin=C18-2
Added Pin To Net: NetName=GND Pin=C19-1
Added Pin To Net: NetName=GND Pin=C21-2
Added Pin To Net: NetName=GND Pin=C22-2
Added Pin To Net: NetName=GND Pin=C23-1
Added Pin To Net: NetName=GND Pin=C24-1
Added Pin To Net: NetName=GND Pin=C25-1
Added Pin To Net: NetName=GND Pin=C26-2
Added Pin To Net: NetName=GND Pin=C27-2
Added Pin To Net: NetName=GND Pin=C28-1
Added Pin To Net: NetName=GND Pin=C29-1
Added Pin To Net: NetName=GND Pin=C30-1
Added Pin To Net: NetName=GND Pin=C31-2
Added Pin To Net: NetName=GND Pin=C32-1
Added Pin To Net: NetName=GND Pin=C33-1
Added Pin To Net: NetName=GND Pin=C34-1
Added Pin To Net: NetName=GND Pin=C35-2
Added Pin To Net: NetName=GND Pin=C37-1
Added Pin To Net: NetName=GND Pin=C38-2
Added Pin To Net: NetName=GND Pin=C39-2
Added Pin To Net: NetName=GND Pin=C40-2
Added Pin To Net: NetName=GND Pin=C41-2
Added Pin To Net: NetName=GND Pin=C42-2
Added Pin To Net: NetName=GND Pin=C43-2
Added Pin To Net: NetName=GND Pin=C44-1
Added Pin To Net: NetName=GND Pin=C45-1
Added Pin To Net: NetName=GND Pin=C46-1
Added Pin To Net: NetName=GND Pin=C47-1
Added Pin To Net: NetName=GND Pin=C48-1
Added Pin To Net: NetName=GND Pin=C49-1
Added Pin To Net: NetName=GND Pin=C56-2
Added Pin To Net: NetName=GND Pin=C57-2
Added Pin To Net: NetName=GND Pin=C58-2
Added Pin To Net: NetName=GND Pin=C59-2
Added Pin To Net: NetName=GND Pin=C60-2
Added Pin To Net: NetName=GND Pin=C61-2
Added Pin To Net: NetName=GND Pin=C62-2
Added Pin To Net: NetName=GND Pin=C63-2
Added Pin To Net: NetName=GND Pin=C64-2
Added Pin To Net: NetName=GND Pin=C65-2
Added Pin To Net: NetName=GND Pin=C66-2
Added Pin To Net: NetName=GND Pin=C67-2
Added Pin To Net: NetName=GND Pin=C68-2
Added Pin To Net: NetName=GND Pin=C69-2
Added Pin To Net: NetName=GND Pin=C70-2
Added Pin To Net: NetName=GND Pin=C71-2
Added Pin To Net: NetName=GND Pin=C72-2
Added Pin To Net: NetName=GND Pin=C73-2
Added Pin To Net: NetName=GND Pin=C74-2
Added Pin To Net: NetName=GND Pin=C75-2
Added Pin To Net: NetName=GND Pin=C76-2
Added Pin To Net: NetName=GND Pin=C77-2
Added Pin To Net: NetName=GND Pin=C78-1
Added Pin To Net: NetName=GND Pin=C79-1
Added Pin To Net: NetName=GND Pin=Conn_Battery-1
Added Pin To Net: NetName=GND Pin=Conn_Wall-1
Added Pin To Net: NetName=GND Pin=FPGARAM1-3
Added Pin To Net: NetName=GND Pin=IC_FPGA_A1-6
Added Pin To Net: NetName=GND Pin=IC_FPGA_A1-19
Added Pin To Net: NetName=GND Pin=IC_FPGA_A1-27
Added Pin To Net: NetName=GND Pin=IC_FPGA_A1-33
Added Pin To Net: NetName=GND Pin=IC_FPGA_A1-34
Added Pin To Net: NetName=GND Pin=IC_FPGA_A1-36
Added Pin To Net: NetName=GND Pin=IC_FPGA_A1-38
Added Pin To Net: NetName=GND Pin=IC_FPGA_A1-39
Added Pin To Net: NetName=GND Pin=IC_FPGA_A1-49
Added Pin To Net: NetName=GND Pin=IC_FPGA_A1-56
Added Pin To Net: NetName=GND Pin=IC_FPGA_A1-61
Added Pin To Net: NetName=GND Pin=IC_FPGA_A1-68
Added Pin To Net: NetName=GND Pin=IC_FPGA_A1-78
Added Pin To Net: NetName=GND Pin=IC_FPGA_A1-80
Added Pin To Net: NetName=GND Pin=IC_FPGA_A1-98
Added Pin To Net: NetName=GND Pin=IC_FPGA_A1-105
Added Pin To Net: NetName=GND Pin=IC_FPGA_A1-106
Added Pin To Net: NetName=GND Pin=IC_FPGA_A1-108
Added Pin To Net: NetName=GND Pin=IC_FPGA_A1-110
Added Pin To Net: NetName=GND Pin=IC_FPGA_A1-111
Added Pin To Net: NetName=GND Pin=IC_FPGA_A1-117
Added Pin To Net: NetName=GND Pin=IC_FPGA_A1-123
Added Pin To Net: NetName=GND Pin=IC_FPGA_A1-128
Added Pin To Net: NetName=GND Pin=IC_FPGA_A1-130
Added Pin To Net: NetName=GND Pin=IC_FPGA_A1-140
Added Pin To Net: NetName=GND Pin=IC_Navigator-15
Added Pin To Net: NetName=GND Pin=IC_Navigator-31
Added Pin To Net: NetName=GND Pin=IC_Navigator-36
Added Pin To Net: NetName=GND Pin=IC_Navigator-45
Added Pin To Net: NetName=GND Pin=IC_Navigator-65
Added Pin To Net: NetName=GND Pin=IC_Navigator-75
Added Pin To Net: NetName=GND Pin=JEPC-2
Added Pin To Net: NetName=GND Pin=JEPC-10
Added Pin To Net: NetName=GND Pin=Mini-USB1-4
Added Pin To Net: NetName=GND Pin=Mini-USB1-5
Added Pin To Net: NetName=GND Pin=Mini-USB1-6
Added Pin To Net: NetName=GND Pin=Mini-USB1-7
Added Pin To Net: NetName=GND Pin=Mini-USB1-8
Added Pin To Net: NetName=GND Pin=Mini-USB1-9
Added Pin To Net: NetName=GND Pin=Module2-3
Added Pin To Net: NetName=GND Pin=Motor_1-3
Added Pin To Net: NetName=GND Pin=Motor_2-3
Added Pin To Net: NetName=GND Pin=Motor_3-3
Added Pin To Net: NetName=GND Pin=Motor_4-3
Added Pin To Net: NetName=GND Pin=P1-1
Added Pin To Net: NetName=GND Pin=P1-3
Added Pin To Net: NetName=GND Pin=P1-5
Added Pin To Net: NetName=GND Pin=P1-7
Added Pin To Net: NetName=GND Pin=P1-9
Added Pin To Net: NetName=GND Pin=P2-3
Added Pin To Net: NetName=GND Pin=Power_On-2
Added Pin To Net: NetName=GND Pin=R2-1
Added Pin To Net: NetName=GND Pin=R5-2
Added Pin To Net: NetName=GND Pin=R6-2
Added Pin To Net: NetName=GND Pin=R7-2
Added Pin To Net: NetName=GND Pin=R8-2
Added Pin To Net: NetName=GND Pin=R9-2
Added Pin To Net: NetName=GND Pin=R10-2
Added Pin To Net: NetName=GND Pin=R11-2
Added Pin To Net: NetName=GND Pin=R12-2
Added Pin To Net: NetName=GND Pin=R13-2
Added Pin To Net: NetName=GND Pin=R14-2
Added Pin To Net: NetName=GND Pin=R22-1
Added Pin To Net: NetName=GND Pin=R44-1
Added Pin To Net: NetName=GND Pin=R45-2
Added Pin To Net: NetName=GND Pin=R46-2
Added Pin To Net: NetName=GND Pin=R47-1
Added Pin To Net: NetName=GND Pin=R48-1
Added Pin To Net: NetName=GND Pin=R49-1
Added Pin To Net: NetName=GND Pin=Sensor3-3
Added Pin To Net: NetName=GND Pin=X4-3
Added Net: Name=GND
Added Pin To Net: NetName=GPS_PPS Pin=IC_Navigator-59
Added Net: Name=GPS_PPS
Added Pin To Net: NetName=GPS_RXA Pin=IC_Navigator-39
Added Net: Name=GPS_RXA
Added Pin To Net: NetName=GPS_RXB Pin=IC_Navigator-50
Added Net: Name=GPS_RXB
Added Pin To Net: NetName=GPS_TXA Pin=IC_Navigator-40
Added Net: Name=GPS_TXA
Added Pin To Net: NetName=GPS_TXB Pin=IC_Navigator-49
Added Net: Name=GPS_TXB
Added Pin To Net: NetName=GPS_XRST Pin=IC_Navigator-61
Added Pin To Net: NetName=GPS_XRST Pin=R15-2
Added Net: Name=GPS_XRST
Added Pin To Net: NetName=GPS_XSTBY Pin=IC_Navigator-60
Added Pin To Net: NetName=GPS_XSTBY Pin=R16-2
Added Net: Name=GPS_XSTBY
Added Pin To Net: NetName=GYRO_DRDY Pin=IC_FPGA_A1-47
Added Net: Name=GYRO_DRDY
Added Pin To Net: NetName=GYRO_INT1 Pin=IC_FPGA_A1-48
Added Net: Name=GYRO_INT1
Added Pin To Net: NetName=HUMIDITY_I/O Pin=IC_Navigator-29
Added Pin To Net: NetName=HUMIDITY_I/O Pin=R17-1
Added Net: Name=HUMIDITY_I/O
Added Pin To Net: NetName=ICSP_MCLR Pin=P2-1
Added Pin To Net: NetName=ICSP_MCLR Pin=R26-2
Added Net: Name=ICSP_MCLR
Added Pin To Net: NetName=ICSP_PGC Pin=IC_Navigator-24
Added Pin To Net: NetName=ICSP_PGC Pin=R21-2
Added Net: Name=ICSP_PGC
Added Pin To Net: NetName=ICSP_PGD Pin=IC_Navigator-25
Added Pin To Net: NetName=ICSP_PGD Pin=R20-2
Added Net: Name=ICSP_PGD
Added Pin To Net: NetName=MAGNET_DRDY Pin=IC_Navigator-17
Added Net: Name=MAGNET_DRDY
Added Pin To Net: NetName=MCLR Pin=IC_Navigator-13
Added Pin To Net: NetName=MCLR Pin=R25-1
Added Pin To Net: NetName=MCLR Pin=R26-1
Added Net: Name=MCLR
Added Pin To Net: NetName=MOTOR_W1 Pin=IC_FPGA_A1-141
Added Pin To Net: NetName=MOTOR_W1 Pin=Motor_1-1
Added Net: Name=MOTOR_W1
Added Pin To Net: NetName=MOTOR_W2 Pin=IC_FPGA_A1-142
Added Pin To Net: NetName=MOTOR_W2 Pin=Motor_2-1
Added Net: Name=MOTOR_W2
Added Pin To Net: NetName=MOTOR_W3 Pin=IC_FPGA_A1-143
Added Pin To Net: NetName=MOTOR_W3 Pin=Motor_3-1
Added Net: Name=MOTOR_W3
Added Pin To Net: NetName=MOTOR_W4 Pin=IC_FPGA_A1-144
Added Pin To Net: NetName=MOTOR_W4 Pin=Motor_4-1
Added Net: Name=MOTOR_W4
Added Pin To Net: NetName=MSEL0 Pin=IC_FPGA_A1-85
Added Pin To Net: NetName=MSEL0 Pin=R44-2
Added Net: Name=MSEL0
Added Pin To Net: NetName=MSEL1 Pin=IC_FPGA_A1-84
Added Pin To Net: NetName=MSEL1 Pin=R47-2
Added Net: Name=MSEL1
Added Pin To Net: NetName=NCE Pin=IC_FPGA_A1-16
Added Pin To Net: NetName=NCE Pin=JEPC-6
Added Pin To Net: NetName=NCE Pin=R48-2
Added Net: Name=NCE
Added Pin To Net: NetName=NCONFIG Pin=IC_FPGA_A1-20
Added Pin To Net: NetName=NCONFIG Pin=JEPC-5
Added Pin To Net: NetName=NCONFIG Pin=R40-1
Added Net: Name=NCONFIG
Added Pin To Net: NetName=NCSO Pin=IC_FPGA_A1-2
Added Pin To Net: NetName=NCSO Pin=JEPC-8
Added Net: Name=NCSO
Added Pin To Net: NetName=NetC5_2 Pin=C5-2
Added Net: Name=NetC5_2
Added Pin To Net: NetName=NetC16_1 Pin=C16-1
Added Net: Name=NetC16_1
Added Pin To Net: NetName=NetC19_2 Pin=C19-2
Added Net: Name=NetC19_2
Added Pin To Net: NetName=NetC20_1 Pin=C20-1
Added Pin To Net: NetName=NetC20_1 Pin=C21-1
Added Net: Name=NetC20_1
Added Pin To Net: NetName=NetC20_2 Pin=C20-2
Added Pin To Net: NetName=NetC20_2 Pin=R5-1
Added Net: Name=NetC20_2
Added Pin To Net: NetName=NetC30_2 Pin=C30-2
Added Net: Name=NetC30_2
Added Pin To Net: NetName=NetC34_2 Pin=C34-2
Added Net: Name=NetC34_2
Added Pin To Net: NetName=NetC36_1 Pin=C36-1
Added Net: Name=NetC36_1
Added Pin To Net: NetName=NetC36_2 Pin=C36-2
Added Net: Name=NetC36_2
Added Pin To Net: NetName=NetC44_2 Pin=C44-2
Added Pin To Net: NetName=NetC44_2 Pin=IC_Navigator-85
Added Net: Name=NetC44_2
Added Pin To Net: NetName=NetC45_2 Pin=C45-2
Added Pin To Net: NetName=NetC45_2 Pin=IC_Navigator-30
Added Pin To Net: NetName=NetC45_2 Pin=R24-1
Added Net: Name=NetC45_2
Added Pin To Net: NetName=NetConn_Battery_2 Pin=Conn_Battery-2
Added Net: Name=NetConn_Battery_2
Added Pin To Net: NetName=NetConn_Wall_2 Pin=Conn_Wall-2
Added Net: Name=NetConn_Wall_2
Added Pin To Net: NetName=NetD4_2 Pin=D4-2
Added Pin To Net: NetName=NetD4_2 Pin=D4-4
Added Pin To Net: NetName=NetD4_2 Pin=R13-1
Added Net: Name=NetD4_2
Added Pin To Net: NetName=NetD5_2 Pin=D5-2
Added Pin To Net: NetName=NetD5_2 Pin=D5-4
Added Pin To Net: NetName=NetD5_2 Pin=R14-1
Added Net: Name=NetD5_2
Added Pin To Net: NetName=NetD6_2 Pin=D6-2
Added Pin To Net: NetName=NetD6_2 Pin=R32-1
Added Net: Name=NetD6_2
Added Pin To Net: NetName=NetD7_2 Pin=D7-2
Added Pin To Net: NetName=NetD7_2 Pin=D7-4
Added Pin To Net: NetName=NetD7_2 Pin=R31-1
Added Net: Name=NetD7_2
Added Pin To Net: NetName=NetD8_2 Pin=D8-2
Added Pin To Net: NetName=NetD8_2 Pin=R33-1
Added Net: Name=NetD8_2
Added Pin To Net: NetName=NetD9_2 Pin=D9-2
Added Pin To Net: NetName=NetD9_2 Pin=D9-4
Added Pin To Net: NetName=NetD9_2 Pin=R34-1
Added Net: Name=NetD9_2
Added Pin To Net: NetName=NetD10_2 Pin=D10-2
Added Pin To Net: NetName=NetD10_2 Pin=R35-1
Added Net: Name=NetD10_2
Added Pin To Net: NetName=NetD11_2 Pin=D11-2
Added Pin To Net: NetName=NetD11_2 Pin=D11-4
Added Pin To Net: NetName=NetD11_2 Pin=R36-1
Added Net: Name=NetD11_2
Added Pin To Net: NetName=NetD12_2 Pin=D12-2
Added Pin To Net: NetName=NetD12_2 Pin=R37-1
Added Net: Name=NetD12_2
Added Pin To Net: NetName=NetD13_2 Pin=D13-2
Added Pin To Net: NetName=NetD13_2 Pin=D13-4
Added Pin To Net: NetName=NetD13_2 Pin=R38-1
Added Net: Name=NetD13_2
Added Pin To Net: NetName=NetIC_Navigator_2 Pin=IC_Navigator-2
Added Pin To Net: NetName=NetIC_Navigator_2 Pin=IC_Navigator-16
Added Pin To Net: NetName=NetIC_Navigator_2 Pin=IC_Navigator-46
Added Pin To Net: NetName=NetIC_Navigator_2 Pin=IC_Navigator-62
Added Pin To Net: NetName=NetIC_Navigator_2 Pin=IC_Navigator-86
Added Net: Name=NetIC_Navigator_2
Added Pin To Net: NetName=NetJ1_1 Pin=J1-1
Added Pin To Net: NetName=NetJ1_1 Pin=R45-1
Added Pin To Net: NetName=NetJ1_1 Pin=X4-4
Added Net: Name=NetJ1_1
Added Pin To Net: NetName=NetJ2_1 Pin=J2-1
Added Pin To Net: NetName=NetJ2_1 Pin=R46-1
Added Pin To Net: NetName=NetJ2_1 Pin=X4-5
Added Net: Name=NetJ2_1
Added Pin To Net: NetName=NetMini-USB1_1 Pin=Mini-USB1-1
Added Pin To Net: NetName=NetMini-USB1_1 Pin=R22-2
Added Pin To Net: NetName=NetMini-USB1_1 Pin=R23-1
Added Net: Name=NetMini-USB1_1
Added Pin To Net: NetName=NetP2_4 Pin=P2-4
Added Pin To Net: NetName=NetP2_4 Pin=R20-1
Added Net: Name=NetP2_4
Added Pin To Net: NetName=NetP2_5 Pin=P2-5
Added Pin To Net: NetName=NetP2_5 Pin=R21-1
Added Net: Name=NetP2_5
Added Pin To Net: NetName=NetPower_On_1 Pin=Power_On-1
Added Pin To Net: NetName=NetPower_On_1 Pin=R27-1
Added Net: Name=NetPower_On_1
Added Pin To Net: NetName=NSTATUS Pin=IC_FPGA_A1-82
Added Pin To Net: NetName=NSTATUS Pin=R41-1
Added Net: Name=NSTATUS
Added Pin To Net: NetName=OSC1 Pin=C46-2
Added Pin To Net: NetName=OSC1 Pin=IC_Navigator-63
Added Pin To Net: NetName=OSC1 Pin=X1-1
Added Net: Name=OSC1
Added Pin To Net: NetName=OSC2 Pin=C47-2
Added Pin To Net: NetName=OSC2 Pin=IC_Navigator-64
Added Net: Name=OSC2
Added Pin To Net: NetName=P28 Pin=D4-1
Added Pin To Net: NetName=P28 Pin=D4-3
Added Pin To Net: NetName=P28 Pin=IC_FPGA_A1-28
Added Net: Name=P28
Added Pin To Net: NetName=P30 Pin=D5-1
Added Pin To Net: NetName=P30 Pin=D5-3
Added Pin To Net: NetName=P30 Pin=IC_FPGA_A1-30
Added Net: Name=P30
Added Pin To Net: NetName=P58 Pin=IC_FPGA_A1-58
Added Net: Name=P58
Added Pin To Net: NetName=P104 Pin=IC_FPGA_A1-104
Added Net: Name=P104
Added Pin To Net: NetName=P132 Pin=IC_FPGA_A1-132
Added Pin To Net: NetName=P132 Pin=IC_Navigator-10
Added Net: Name=P132
Added Pin To Net: NetName=P133 Pin=IC_FPGA_A1-133
Added Pin To Net: NetName=P133 Pin=IC_Navigator-12
Added Net: Name=P133
Added Pin To Net: NetName=P134 Pin=IC_FPGA_A1-134
Added Pin To Net: NetName=P134 Pin=IC_Navigator-11
Added Net: Name=P134
Added Pin To Net: NetName=P135 Pin=IC_FPGA_A1-135
Added Pin To Net: NetName=P135 Pin=IC_Navigator-81
Added Net: Name=P135
Added Pin To Net: NetName=P136 Pin=IC_FPGA_A1-136
Added Net: Name=P136
Added Pin To Net: NetName=P137 Pin=IC_FPGA_A1-137
Added Net: Name=P137
Added Pin To Net: NetName=P139 Pin=IC_FPGA_A1-139
Added Net: Name=P139
Added Pin To Net: NetName=PIC_SRAM_/CS Pin=IC_Navigator-78
Added Net: Name=PIC_SRAM_/CS
Added Pin To Net: NetName=PIC_SRAM_/WP Pin=IC_Navigator-58
Added Pin To Net: NetName=PIC_SRAM_/WP Pin=Module2-2
Added Net: Name=PIC_SRAM_/WP
Added Pin To Net: NetName=PIC_UART1_/CTS Pin=IC_Navigator-47
Added Net: Name=PIC_UART1_/CTS
Added Pin To Net: NetName=PIC_UART1_/RTS Pin=IC_Navigator-48
Added Net: Name=PIC_UART1_/RTS
Added Pin To Net: NetName=PIC_UART1_RX Pin=IC_Navigator-52
Added Net: Name=PIC_UART1_RX
Added Pin To Net: NetName=PIC_UART1_TX Pin=IC_Navigator-53
Added Net: Name=PIC_UART1_TX
Added Pin To Net: NetName=SOSCI Pin=C48-2
Added Pin To Net: NetName=SOSCI Pin=IC_Navigator-73
Added Net: Name=SOSCI
Added Pin To Net: NetName=SOSCO Pin=C49-2
Added Pin To Net: NetName=SOSCO Pin=IC_Navigator-74
Added Net: Name=SOSCO
Added Pin To Net: NetName=SYSPOWMONITOR Pin=D3-1
Added Pin To Net: NetName=SYSPOWMONITOR Pin=IC_Navigator-23
Added Pin To Net: NetName=SYSPOWMONITOR Pin=R1-1
Added Pin To Net: NetName=SYSPOWMONITOR Pin=R2-2
Added Net: Name=SYSPOWMONITOR
Added Pin To Net: NetName=SYS Pin=C1-2
Added Pin To Net: NetName=SYS Pin=C2-2
Added Pin To Net: NetName=SYS Pin=C3-2
Added Pin To Net: NetName=SYS Pin=C6-1
Added Pin To Net: NetName=SYS Pin=C12-2
Added Pin To Net: NetName=SYS Pin=D1-1
Added Pin To Net: NetName=SYS Pin=D2-1
Added Pin To Net: NetName=SYS Pin=R1-2
Added Net: Name=SYS
Added Pin To Net: NetName=TCK Pin=BB-1
Added Pin To Net: NetName=TCK Pin=IC_FPGA_A1-12
Added Pin To Net: NetName=TCK Pin=R49-2
Added Net: Name=TCK
Added Pin To Net: NetName=TDI Pin=BB-9
Added Pin To Net: NetName=TDI Pin=IC_FPGA_A1-13
Added Pin To Net: NetName=TDI Pin=R43-1
Added Net: Name=TDI
Added Pin To Net: NetName=TDO Pin=BB-3
Added Pin To Net: NetName=TDO Pin=IC_FPGA_A1-10
Added Net: Name=TDO
Added Pin To Net: NetName=TMS Pin=BB-5
Added Pin To Net: NetName=TMS Pin=IC_FPGA_A1-11
Added Pin To Net: NetName=TMS Pin=R42-1
Added Net: Name=TMS
Added Pin To Net: NetName=USB_D+ Pin=IC_Navigator-57
Added Pin To Net: NetName=USB_D+ Pin=Mini-USB1-3
Added Net: Name=USB_D+
Added Pin To Net: NetName=USB_D- Pin=IC_Navigator-56
Added Pin To Net: NetName=USB_D- Pin=Mini-USB1-2
Added Net: Name=USB_D-
Added Pin To Net: NetName=USD_/CS Pin=IC_Navigator-77
Added Net: Name=USD_/CS
Added Pin To Net: NetName=VBUS Pin=IC_Navigator-54
Added Pin To Net: NetName=VBUS Pin=R23-2
Added Net: Name=VBUS
Added Net: Name=VCC
Added Pin To Net: NetName=VUSB Pin=BB-4
Added Pin To Net: NetName=VUSB Pin=C13-2
Added Pin To Net: NetName=VUSB Pin=C15-2
Added Pin To Net: NetName=VUSB Pin=C16-2
Added Pin To Net: NetName=VUSB Pin=C17-1
Added Pin To Net: NetName=VUSB Pin=C18-1
Added Pin To Net: NetName=VUSB Pin=C22-1
Added Pin To Net: NetName=VUSB Pin=C26-1
Added Pin To Net: NetName=VUSB Pin=C27-1
Added Pin To Net: NetName=VUSB Pin=C28-2
Added Pin To Net: NetName=VUSB Pin=C29-2
Added Pin To Net: NetName=VUSB Pin=C31-1
Added Pin To Net: NetName=VUSB Pin=C32-2
Added Pin To Net: NetName=VUSB Pin=C33-2
Added Pin To Net: NetName=VUSB Pin=C35-1
Added Pin To Net: NetName=VUSB Pin=C37-2
Added Pin To Net: NetName=VUSB Pin=C38-1
Added Pin To Net: NetName=VUSB Pin=C39-1
Added Pin To Net: NetName=VUSB Pin=C40-1
Added Pin To Net: NetName=VUSB Pin=C41-1
Added Pin To Net: NetName=VUSB Pin=C42-1
Added Pin To Net: NetName=VUSB Pin=C43-1
Added Pin To Net: NetName=VUSB Pin=C58-1
Added Pin To Net: NetName=VUSB Pin=C59-1
Added Pin To Net: NetName=VUSB Pin=C62-1
Added Pin To Net: NetName=VUSB Pin=C63-1
Added Pin To Net: NetName=VUSB Pin=C64-1
Added Pin To Net: NetName=VUSB Pin=C67-1
Added Pin To Net: NetName=VUSB Pin=C68-1
Added Pin To Net: NetName=VUSB Pin=C71-1
Added Pin To Net: NetName=VUSB Pin=C72-1
Added Pin To Net: NetName=VUSB Pin=C74-1
Added Pin To Net: NetName=VUSB Pin=C75-1
Added Pin To Net: NetName=VUSB Pin=ConSwitchPad1-1
Added Pin To Net: NetName=VUSB Pin=ConSwitchPad1-2
Added Pin To Net: NetName=VUSB Pin=ConSwitchPad1-3
Added Pin To Net: NetName=VUSB Pin=ConSwitchPad1-4
Added Pin To Net: NetName=VUSB Pin=FPGARAM1-6
Added Pin To Net: NetName=VUSB Pin=FPGARAM1-7
Added Pin To Net: NetName=VUSB Pin=IC_FPGA_A1-5
Added Pin To Net: NetName=VUSB Pin=IC_FPGA_A1-23
Added Pin To Net: NetName=VUSB Pin=IC_FPGA_A1-29
Added Pin To Net: NetName=VUSB Pin=IC_FPGA_A1-46
Added Pin To Net: NetName=VUSB Pin=IC_FPGA_A1-54
Added Pin To Net: NetName=VUSB Pin=IC_FPGA_A1-66
Added Pin To Net: NetName=VUSB Pin=IC_FPGA_A1-116
Added Pin To Net: NetName=VUSB Pin=IC_FPGA_A1-127
Added Pin To Net: NetName=VUSB Pin=IC_FPGA_A1-138
Added Pin To Net: NetName=VUSB Pin=IC_Navigator-37
Added Pin To Net: NetName=VUSB Pin=IC_Navigator-55
Added Pin To Net: NetName=VUSB Pin=JEPC-4
Added Pin To Net: NetName=VUSB Pin=Module2-6
Added Pin To Net: NetName=VUSB Pin=Module2-7
Added Pin To Net: NetName=VUSB Pin=Motor_1-2
Added Pin To Net: NetName=VUSB Pin=Motor_2-2
Added Pin To Net: NetName=VUSB Pin=Motor_3-2
Added Pin To Net: NetName=VUSB Pin=Motor_4-2
Added Pin To Net: NetName=VUSB Pin=MSwitch1-1
Added Pin To Net: NetName=VUSB Pin=MSwitch2-1
Added Pin To Net: NetName=VUSB Pin=MSwitch3-1
Added Pin To Net: NetName=VUSB Pin=P1-8
Added Pin To Net: NetName=VUSB Pin=P2-2
Added Pin To Net: NetName=VUSB Pin=R3-2
Added Pin To Net: NetName=VUSB Pin=R4-1
Added Pin To Net: NetName=VUSB Pin=R15-1
Added Pin To Net: NetName=VUSB Pin=R16-1
Added Pin To Net: NetName=VUSB Pin=R17-2
Added Pin To Net: NetName=VUSB Pin=R18-2
Added Pin To Net: NetName=VUSB Pin=R19-2
Added Pin To Net: NetName=VUSB Pin=R24-2
Added Pin To Net: NetName=VUSB Pin=R25-2
Added Pin To Net: NetName=VUSB Pin=R27-2
Added Pin To Net: NetName=VUSB Pin=R39-2
Added Pin To Net: NetName=VUSB Pin=R40-2
Added Pin To Net: NetName=VUSB Pin=R41-2
Added Pin To Net: NetName=VUSB Pin=R42-2
Added Pin To Net: NetName=VUSB Pin=R43-2
Added Net: Name=VUSB
Added Pin To Net: NetName=XBEE_/DTR Pin=IC_Navigator-92
Added Net: Name=XBEE_/DTR
Added Pin To Net: NetName=XBEE_/RESET Pin=IC_Navigator-28
Added Net: Name=XBEE_/RESET
Added Pin To Net: NetName=XBEE_ASSOCIATE Pin=IC_Navigator-91
Added Net: Name=XBEE_ASSOCIATE
Added Class: Name=Bottom_Board
Added Class: Name=FPGA_Clocks
Added Class: Name=FPGA_Components
Added Class: Name=FPGA_Core
Added Class: Name=Navigator_Components
Added Class: Name=Navigator_Connectors
Added Class: Name=Navigator_Core
Added Class: Name=Power
Added Room: Name=Bottom_Board
Added Room: Name=FPGA_Clocks
Added Room: Name=FPGA_Components
Added Room: Name=FPGA_Core
Added Room: Name=Navigator_Components
Added Room: Name=Navigator_Connectors
Added Room: Name=Navigator_Core
Added Room: Name=Power
