Removed Pin From Net: NetName=BAROMETER_SCLK Pin=Debug1-1
Removed Pin From Net: NetName=BAROMETER_DOUT Pin=Debug1-2
Removed Pin From Net: NetName=BAROMETER_DIN Pin=Debug1-3
Removed Pin From Net: NetName=GND Pin=Debug1-4
Removed Pin From Net: NetName=DS1085_SCL Pin=Debug2-1
Removed Pin From Net: NetName=GND Pin=Debug2-3
Removed Pin From Net: NetName=PIC_UART1_TX Pin=Debug3-1
Removed Pin From Net: NetName=GND Pin=Debug3-3
Removed Pin From Net: NetName=P132 Pin=Debug4-1
Removed Pin From Net: NetName=P134 Pin=Debug4-2
Removed Pin From Net: NetName=P133 Pin=Debug4-3
Removed Pin From Net: NetName=GND Pin=Debug4-4
Removed Pin From Net: NetName=GPS_RXB Pin=Debug5-1
Removed Pin From Net: NetName=GND Pin=Debug5-3
Removed Pin From Net: NetName=GPS_RXA Pin=Debug6-1
Removed Pin From Net: NetName=GND Pin=Debug6-3
Added Pin To Net: NetName=GND Pin=Debug1-1
Added Pin To Net: NetName=BAROMETER_DIN Pin=Debug1-2
Added Pin To Net: NetName=BAROMETER_DOUT Pin=Debug1-3
Added Pin To Net: NetName=BAROMETER_SCLK Pin=Debug1-4
Added Pin To Net: NetName=GND Pin=Debug2-1
Added Pin To Net: NetName=DS1085_SCL Pin=Debug2-3
Added Pin To Net: NetName=GND Pin=Debug3-1
Added Pin To Net: NetName=PIC_UART1_TX Pin=Debug3-3
Added Pin To Net: NetName=GND Pin=Debug4-1
Added Pin To Net: NetName=P133 Pin=Debug4-2
Added Pin To Net: NetName=P134 Pin=Debug4-3
Added Pin To Net: NetName=P132 Pin=Debug4-4
Added Pin To Net: NetName=GND Pin=Debug5-1
Added Pin To Net: NetName=GPS_RXB Pin=Debug5-3
Added Pin To Net: NetName=GND Pin=Debug6-1
Added Pin To Net: NetName=GPS_RXA Pin=Debug6-3
