Removed Pin From Net: NetName=GND Pin=Module6-NC
Removed Pin From Net: NetName=GND Pin=Module6-NC
Added Pin To Net: NetName=+3.3V Pin=C24-1
Added Pin To Net: NetName=GND Pin=C24-2
Added Pin To Net: NetName=+3.3V Pin=C25-1
Added Pin To Net: NetName=GND Pin=C25-2
Added Pin To Net: NetName=+3.3V Pin=C26-1
Added Pin To Net: NetName=GND Pin=C26-2
Added Pin To Net: NetName=+3.3V Pin=C27-1
Added Pin To Net: NetName=GND Pin=C27-2
Added Pin To Net: NetName=+3.3V Pin=C28-1
Added Pin To Net: NetName=GND Pin=C28-2
Added Pin To Net: NetName=+3.3V Pin=C29-1
Added Pin To Net: NetName=GND Pin=C29-2
Added Pin To Net: NetName=NetC30_1 Pin=C30-1
Added Pin To Net: NetName=GND Pin=C30-2
Added Pin To Net: NetName=NetC31_1 Pin=C31-1
Added Pin To Net: NetName=GND Pin=C31-2
Added Pin To Net: NetName=GND Pin=C32-1
Added Pin To Net: NetName=OSC1 Pin=C32-2
Added Pin To Net: NetName=GND Pin=C33-1
Added Pin To Net: NetName=OSC2 Pin=C33-2
Added Pin To Net: NetName=GND Pin=C34-1
Added Pin To Net: NetName=SOSCI Pin=C34-2
Added Pin To Net: NetName=GND Pin=C35-1
Added Pin To Net: NetName=SOSCO Pin=C35-2
Added Pin To Net: NetName=+2.8V Pin=C57-1
Added Pin To Net: NetName=GND Pin=C57-2
Added Pin To Net: NetName=+3.3V Pin=C58-1
Added Pin To Net: NetName=GND Pin=C58-2
Added Pin To Net: NetName=+3.3V Pin=C59-1
Added Pin To Net: NetName=GND Pin=C59-2
Added Pin To Net: NetName=+1.2V Pin=C60-1
Added Pin To Net: NetName=GND Pin=C60-2
Added Pin To Net: NetName=+2.8V Pin=C61-1
Added Pin To Net: NetName=GND Pin=C61-2
Added Pin To Net: NetName=+3.3V Pin=C62-1
Added Pin To Net: NetName=GND Pin=C62-2
Added Pin To Net: NetName=+3.3V Pin=C63-1
Added Pin To Net: NetName=GND Pin=C63-2
Added Pin To Net: NetName=+1.2V Pin=C65-1
Added Pin To Net: NetName=GND Pin=C65-2
Added Pin To Net: NetName=+2.8V Pin=C66-1
Added Pin To Net: NetName=GND Pin=C66-2
Added Pin To Net: NetName=+2.8V Pin=C69-1
Added Pin To Net: NetName=GND Pin=C69-2
Added Pin To Net: NetName=+1.2V Pin=C70-1
Added Pin To Net: NetName=GND Pin=C70-2
Added Pin To Net: NetName=+3.3V Pin=C71-1
Added Pin To Net: NetName=GND Pin=C71-2
Added Pin To Net: NetName=+1.2V Pin=C74-1
Added Pin To Net: NetName=GND Pin=C74-2
Added Pin To Net: NetName=+3.3V Pin=C75-1
Added Pin To Net: NetName=GND Pin=C75-2
Added Pin To Net: NetName=+1.2V Pin=C76-1
Added Pin To Net: NetName=GND Pin=C76-2
Added Pin To Net: NetName=+1.2V Pin=C77-1
Added Pin To Net: NetName=GND Pin=C77-2
Added Pin To Net: NetName=ASDO Pin=FPGA1-1
Added Pin To Net: NetName=NCSO Pin=FPGA1-2
Added Pin To Net: NetName=CONFSWITCH_1 Pin=FPGA1-3
Added Pin To Net: NetName=CONFSWITCH_2 Pin=FPGA1-4
Added Pin To Net: NetName=+3.3V Pin=FPGA1-5
Added Pin To Net: NetName=GND Pin=FPGA1-6
Added Pin To Net: NetName=CONFSWITCH_3 Pin=FPGA1-7
Added Pin To Net: NetName=CONFSWITCH_4 Pin=FPGA1-8
Added Pin To Net: NetName=CONFSWITCH_5 Pin=FPGA1-9
Added Pin To Net: NetName=TDO Pin=FPGA1-10
Added Pin To Net: NetName=TMS Pin=FPGA1-11
Added Pin To Net: NetName=TCK Pin=FPGA1-12
Added Pin To Net: NetName=TDI Pin=FPGA1-13
Added Pin To Net: NetName=DATAO Pin=FPGA1-14
Added Pin To Net: NetName=DCLK Pin=FPGA1-15
Added Pin To Net: NetName=NCE Pin=FPGA1-16
Added Pin To Net: NetName=25MHZ_CLOCK Pin=FPGA1-17
Added Pin To Net: NetName=GND Pin=FPGA1-19
Added Pin To Net: NetName=NCONFIG Pin=FPGA1-20
Added Pin To Net: NetName=CLOCK_SYNTH_0 Pin=FPGA1-21
Added Pin To Net: NetName=+3.3V Pin=FPGA1-23
Added Pin To Net: NetName=CONFSWITCH_6 Pin=FPGA1-24
Added Pin To Net: NetName=CONFSWITCH_7 Pin=FPGA1-25
Added Pin To Net: NetName=+1.2V Pin=FPGA1-26
Added Pin To Net: NetName=GND Pin=FPGA1-27
Added Pin To Net: NetName=P28 Pin=FPGA1-28
Added Pin To Net: NetName=+3.3V Pin=FPGA1-29
Added Pin To Net: NetName=P30 Pin=FPGA1-30
Added Pin To Net: NetName=FULTRASONIC_TRIGGER Pin=FPGA1-31
Added Pin To Net: NetName=FULTRASONIC_EDGE Pin=FPGA1-32
Added Pin To Net: NetName=GND Pin=FPGA1-33
Added Pin To Net: NetName=GND Pin=FPGA1-34
Added Pin To Net: NetName=+1.2V Pin=FPGA1-35
Added Pin To Net: NetName=GND Pin=FPGA1-36
Added Pin To Net: NetName=+1.2V Pin=FPGA1-37
Added Pin To Net: NetName=GND Pin=FPGA1-38
Added Pin To Net: NetName=GND Pin=FPGA1-39
Added Pin To Net: NetName=FPGA_SPI_CLOCK Pin=FPGA1-40
Added Pin To Net: NetName=FPGA_SPI_DATAIN Pin=FPGA1-41
Added Pin To Net: NetName=FPGA_SPI_DATAOUT Pin=FPGA1-42
Added Pin To Net: NetName=ACCEL_SCL Pin=FPGA1-43
Added Pin To Net: NetName=ACCEL_SDA Pin=FPGA1-44
Added Pin To Net: NetName=FPGA_SPI_/GYROCS Pin=FPGA1-45
Added Pin To Net: NetName=+3.3V Pin=FPGA1-46
Added Pin To Net: NetName=GYRO_DRDY Pin=FPGA1-47
Added Pin To Net: NetName=GYRO_INT1 Pin=FPGA1-48
Added Pin To Net: NetName=GND Pin=FPGA1-49
Added Pin To Net: NetName=+1.2V Pin=FPGA1-50
Added Pin To Net: NetName=FPGA_SPI_/SRAMCS Pin=FPGA1-51
Added Pin To Net: NetName=FPGASRAM_/WP Pin=FPGA1-52
Added Pin To Net: NetName=ACCEL_SA0 Pin=FPGA1-53
Added Pin To Net: NetName=+3.3V Pin=FPGA1-54
Added Pin To Net: NetName=ACCEL_INT1 Pin=FPGA1-55
Added Pin To Net: NetName=GND Pin=FPGA1-56
Added Pin To Net: NetName=ACCEL_INT2 Pin=FPGA1-57
Added Pin To Net: NetName=P58 Pin=FPGA1-58
Added Pin To Net: NetName=BULTRASONIC_TRIGGER Pin=FPGA1-59
Added Pin To Net: NetName=BULTRASONIC_EDGE Pin=FPGA1-60
Added Pin To Net: NetName=GND Pin=FPGA1-61
Added Pin To Net: NetName=+1.2V Pin=FPGA1-62
Added Pin To Net: NetName=BLED_ORANGE1 Pin=FPGA1-63
Added Pin To Net: NetName=BLED_ORANGE2 Pin=FPGA1-64
Added Pin To Net: NetName=BLED_ORANGE3 Pin=FPGA1-65
Added Pin To Net: NetName=+3.3V Pin=FPGA1-66
Added Pin To Net: NetName=BLED_ORANGE4 Pin=FPGA1-67
Added Pin To Net: NetName=GND Pin=FPGA1-68
Added Pin To Net: NetName=BLED_BLUE1 Pin=FPGA1-69
Added Pin To Net: NetName=BLED_BLUE2 Pin=FPGA1-70
Added Pin To Net: NetName=BLED_BLUE3 Pin=FPGA1-71
Added Pin To Net: NetName=BLED_BLUE4 Pin=FPGA1-72
Added Pin To Net: NetName=CAMERA_SCL Pin=FPGA1-73
Added Pin To Net: NetName=CAMERA_SDA Pin=FPGA1-74
Added Pin To Net: NetName=CAMERA_RESET Pin=FPGA1-75
Added Pin To Net: NetName=+2.8V Pin=FPGA1-77
Added Pin To Net: NetName=GND Pin=FPGA1-78
Added Pin To Net: NetName=CAMERA_EXTCLK Pin=FPGA1-79
Added Pin To Net: NetName=GND Pin=FPGA1-80
Added Pin To Net: NetName=+1.2V Pin=FPGA1-81
Added Pin To Net: NetName=NSTATUS Pin=FPGA1-82
Added Pin To Net: NetName=CONF_DONE Pin=FPGA1-83
Added Pin To Net: NetName=MSEL1 Pin=FPGA1-84
Added Pin To Net: NetName=MSEL0 Pin=FPGA1-85
Added Pin To Net: NetName=CAMERA_HD Pin=FPGA1-86
Added Pin To Net: NetName=CAMERA_VD Pin=FPGA1-87
Added Pin To Net: NetName=CLOCK_SYNTH_1 Pin=FPGA1-91
Added Pin To Net: NetName=CAMERA_DCLK Pin=FPGA1-92
Added Pin To Net: NetName=CAMERA_DOUT0 Pin=FPGA1-93
Added Pin To Net: NetName=CAMERA_DOUT1 Pin=FPGA1-94
Added Pin To Net: NetName=+2.8V Pin=FPGA1-95
Added Pin To Net: NetName=CAMERA_DOUT2 Pin=FPGA1-96
Added Pin To Net: NetName=CAMERA_DOUT3 Pin=FPGA1-97
Added Pin To Net: NetName=GND Pin=FPGA1-98
Added Pin To Net: NetName=CAMERA_DOUT4 Pin=FPGA1-99
Added Pin To Net: NetName=CAMERA_DOUT5 Pin=FPGA1-100
Added Pin To Net: NetName=CAMERA_DOUT6 Pin=FPGA1-101
Added Pin To Net: NetName=+2.8V Pin=FPGA1-102
Added Pin To Net: NetName=CAMERA_DOUT7 Pin=FPGA1-103
Added Pin To Net: NetName=P104 Pin=FPGA1-104
Added Pin To Net: NetName=GND Pin=FPGA1-105
Added Pin To Net: NetName=GND Pin=FPGA1-106
Added Pin To Net: NetName=+1.2V Pin=FPGA1-107
Added Pin To Net: NetName=GND Pin=FPGA1-108
Added Pin To Net: NetName=+1.2V Pin=FPGA1-109
Added Pin To Net: NetName=GND Pin=FPGA1-110
Added Pin To Net: NetName=GND Pin=FPGA1-111
Added Pin To Net: NetName=FPGA_D0 Pin=FPGA1-112
Added Pin To Net: NetName=FPGA_D1 Pin=FPGA1-113
Added Pin To Net: NetName=FPGA_D2 Pin=FPGA1-114
Added Pin To Net: NetName=FPGA_D3 Pin=FPGA1-115
Added Pin To Net: NetName=+3.3V Pin=FPGA1-116
Added Pin To Net: NetName=GND Pin=FPGA1-117
Added Pin To Net: NetName=FPGA_D4 Pin=FPGA1-118
Added Pin To Net: NetName=FPGA_D5 Pin=FPGA1-119
Added Pin To Net: NetName=FPGA_D6 Pin=FPGA1-120
Added Pin To Net: NetName=FPGA_D7 Pin=FPGA1-121
Added Pin To Net: NetName=FPGA_A-/D Pin=FPGA1-122
Added Pin To Net: NetName=GND Pin=FPGA1-123
Added Pin To Net: NetName=+1.2V Pin=FPGA1-124
Added Pin To Net: NetName=FPGA_R-/W Pin=FPGA1-125
Added Pin To Net: NetName=FPGA_OK-OUT Pin=FPGA1-126
Added Pin To Net: NetName=+3.3V Pin=FPGA1-127
Added Pin To Net: NetName=GND Pin=FPGA1-128
Added Pin To Net: NetName=FPGA_OK-IN Pin=FPGA1-129
Added Pin To Net: NetName=GND Pin=FPGA1-130
Added Pin To Net: NetName=+1.2V Pin=FPGA1-131
Added Pin To Net: NetName=P132 Pin=FPGA1-132
Added Pin To Net: NetName=P133 Pin=FPGA1-133
Added Pin To Net: NetName=P134 Pin=FPGA1-134
Added Pin To Net: NetName=P135 Pin=FPGA1-135
Added Pin To Net: NetName=P136 Pin=FPGA1-136
Added Pin To Net: NetName=P137 Pin=FPGA1-137
Added Pin To Net: NetName=+3.3V Pin=FPGA1-138
Added Pin To Net: NetName=P139 Pin=FPGA1-139
Added Pin To Net: NetName=GND Pin=FPGA1-140
Added Pin To Net: NetName=MOTOR_W1 Pin=FPGA1-141
Added Pin To Net: NetName=MOTOR_W2 Pin=FPGA1-142
Added Pin To Net: NetName=MOTOR_W3 Pin=FPGA1-143
Added Pin To Net: NetName=MOTOR_W4 Pin=FPGA1-144
Added Pin To Net: NetName=+3.3V Pin=IC7-2
Added Pin To Net: NetName=FPGA_D5 Pin=IC7-3
Added Pin To Net: NetName=FPGA_D6 Pin=IC7-4
Added Pin To Net: NetName=FPGA_D7 Pin=IC7-5
Added Pin To Net: NetName=BAROMETER_DOUT Pin=IC7-9
Added Pin To Net: NetName=P132 Pin=IC7-10
Added Pin To Net: NetName=P134 Pin=IC7-11
Added Pin To Net: NetName=P133 Pin=IC7-12
Added Pin To Net: NetName=MCLR Pin=IC7-13
Added Pin To Net: NetName=GND Pin=IC7-15
Added Pin To Net: NetName=+3.3V Pin=IC7-16
Added Pin To Net: NetName=MAGNET_DRDY Pin=IC7-17
Added Pin To Net: NetName=FPGA_A-/D Pin=IC7-18
Added Pin To Net: NetName=FPGA_R-/W Pin=IC7-19
Added Pin To Net: NetName=SYSPOWMONITOR Pin=IC7-23
Added Pin To Net: NetName=ICSP_PGC Pin=IC7-24
Added Pin To Net: NetName=ICSP_PGD Pin=IC7-25
Added Pin To Net: NetName=XBEE_/RESET Pin=IC7-28
Added Pin To Net: NetName=HUMIDITY_I/O Pin=IC7-29
Added Pin To Net: NetName=NetC31_1 Pin=IC7-30
Added Pin To Net: NetName=GND Pin=IC7-31
Added Pin To Net: NetName=GND Pin=IC7-36
Added Pin To Net: NetName=+3.3V Pin=IC7-37
Added Pin To Net: NetName=BAROMETER_/SHDN Pin=IC7-38
Added Pin To Net: NetName=GPS_RXA Pin=IC7-39
Added Pin To Net: NetName=GPS_TXA Pin=IC7-40
Added Pin To Net: NetName=GND Pin=IC7-45
Added Pin To Net: NetName=+3.3V Pin=IC7-46
Added Pin To Net: NetName=PIC_UART1_/CTS Pin=IC7-47
Added Pin To Net: NetName=PIC_UART1_/RTS Pin=IC7-48
Added Pin To Net: NetName=GPS_TXB Pin=IC7-49
Added Pin To Net: NetName=GPS_RXB Pin=IC7-50
Added Pin To Net: NetName=PIC_UART1_RX Pin=IC7-52
Added Pin To Net: NetName=PIC_UART1_TX Pin=IC7-53
Added Pin To Net: NetName=VBUS Pin=IC7-54
Added Pin To Net: NetName=+3.3V Pin=IC7-55
Added Pin To Net: NetName=USB_PIC_N Pin=IC7-56
Added Pin To Net: NetName=USB_PIC_P Pin=IC7-57
Added Pin To Net: NetName=PIC_SRAM_/WP Pin=IC7-58
Added Pin To Net: NetName=GPS_PPS Pin=IC7-59
Added Pin To Net: NetName=GPS_XSTBY Pin=IC7-60
Added Pin To Net: NetName=GPS_XRST Pin=IC7-61
Added Pin To Net: NetName=+3.3V Pin=IC7-62
Added Pin To Net: NetName=OSC1 Pin=IC7-63
Added Pin To Net: NetName=OSC2 Pin=IC7-64
Added Pin To Net: NetName=GND Pin=IC7-65
Added Pin To Net: NetName=DS1085_SCL Pin=IC7-66
Added Pin To Net: NetName=DS1085_SDA Pin=IC7-67
Added Pin To Net: NetName=BAROMETER_SCLK Pin=IC7-70
Added Pin To Net: NetName=BAROMETER_DIN Pin=IC7-72
Added Pin To Net: NetName=SOSCI Pin=IC7-73
Added Pin To Net: NetName=SOSCO Pin=IC7-74
Added Pin To Net: NetName=GND Pin=IC7-75
Added Pin To Net: NetName=BAROMETER_/CS Pin=IC7-76
Added Pin To Net: NetName=USD_/CS Pin=IC7-77
Added Pin To Net: NetName=PIC_SRAM_/CS Pin=IC7-78
Added Pin To Net: NetName=P135 Pin=IC7-81
Added Pin To Net: NetName=NetC30_1 Pin=IC7-85
Added Pin To Net: NetName=+3.3V Pin=IC7-86
Added Pin To Net: NetName=FPGA_OK-OUT Pin=IC7-87
Added Pin To Net: NetName=FPGA_OK-IN Pin=IC7-88
Added Pin To Net: NetName=XBEE_ASSOCIATE Pin=IC7-91
Added Pin To Net: NetName=XBEE_/DTR Pin=IC7-92
Added Pin To Net: NetName=FPGA_D0 Pin=IC7-93
Added Pin To Net: NetName=FPGA_D1 Pin=IC7-94
Added Pin To Net: NetName=FPGA_D2 Pin=IC7-98
Added Pin To Net: NetName=FPGA_D3 Pin=IC7-99
Added Pin To Net: NetName=FPGA_D4 Pin=IC7-100
Added Pin To Net: NetName=NetC31_1 Pin=R16-1
Added Pin To Net: NetName=+3.3V Pin=R16-2
Added Pin To Net: NetName=OSC2 Pin=X1-1
Added Pin To Net: NetName=OSC1 Pin=X1-2
Added Pin To Net: NetName=SOSCI Pin=X2-1
Added Pin To Net: NetName=SOSCO Pin=X2-2
Added Pin To Net: NetName=+3.3V Pin=X3-1
Added Pin To Net: NetName=GND Pin=X3-2
Added Pin To Net: NetName=25MHZ_CLOCK Pin=X3-3
Added Pin To Net: NetName=+3.3V Pin=X3-4
Added Class: Name=FPGA_Clocks
Added Class: Name=FPGA_Core
Added Class: Name=Navigator_Core
Added Member To Class: ClassName=FPGA_Components Member=Component Header1 L3G4200D Header
Added Member To Class: ClassName=Navigator_Components Member=Component Module2 Copernicus II DIP Module
Added Member To Class: ClassName=Navigator_Components Member=Component Module4 XBee Pro S1
Added Member To Class: ClassName=Navigator_Connectors Member=Component Module6 Mini-USB
