Removed Pin From Net: NetName=GYRO_DRDY Pin=Header1-15
Removed Pin From Net: NetName=FPGA_SPI_/GYROCS Pin=Header1-19
Removed Pin From Net: NetName=FPGA_SPI_CLOCK Pin=Header1-20
Removed Pin From Net: NetName=FPGA_SPI_DATAIN Pin=Header1-21
Removed Pin From Net: NetName=FPGA_SPI_DATAOUT Pin=Header1-22
Removed Pin From Net: NetName=GYRO_INT1 Pin=Header1-23
Removed Pin From Net: NetName=ACCEL_SDA Pin=Header2-2
Removed Pin From Net: NetName=ACCEL_SCL Pin=Header2-3
Removed Pin From Net: NetName=ACCEL_INT2 Pin=Header2-4
Removed Pin From Net: NetName=ACCEL_INT1 Pin=Header2-5
Removed Member From Class: ClassName=FPGA_Components Member=Header1
Removed Member From Class: ClassName=FPGA_Components Member=Header2
Added Pin To Net: NetName=BAROMETER_SCLK Pin=Header1-20
Added Pin To Net: NetName=BAROMETER_DIN Pin=Header1-21
Added Pin To Net: NetName=BAROMETER_DOUT Pin=Header1-22
Added Pin To Net: NetName=DS1085_SDA Pin=Header2-2
Added Pin To Net: NetName=DS1085_SCL Pin=Header2-3
Added Pin To Net: NetName=PIC_ACCEL_INT1 Pin=Header2-5
Added Pin To Net: NetName=PIC_ACCEL_INT1 Pin=IC7-69
Added Net: Name=PIC_ACCEL_INT1
Added Pin To Net: NetName=PIC_ACCEL_INT2 Pin=Header2-4
Added Pin To Net: NetName=PIC_ACCEL_INT2 Pin=IC7-68
Added Net: Name=PIC_ACCEL_INT2
Added Pin To Net: NetName=PIC_GYRO_/CS Pin=Header1-19
Added Pin To Net: NetName=PIC_GYRO_/CS Pin=IC7-82
Added Net: Name=PIC_GYRO_/CS
Added Pin To Net: NetName=PIC_GYRO_DRDY Pin=Header1-15
Added Pin To Net: NetName=PIC_GYRO_DRDY Pin=IC7-83
Added Net: Name=PIC_GYRO_DRDY
Added Pin To Net: NetName=PIC_GYRO_INT1 Pin=Header1-23
Added Pin To Net: NetName=PIC_GYRO_INT1 Pin=IC7-84
Added Net: Name=PIC_GYRO_INT1
Added Member To Class: ClassName=Navigator_Core Member=Component C35 22pF SMD 1206
Added Member To Class: ClassName=Navigator_Components Member=Component Header1 L3G4200D Header
Added Member To Class: ClassName=Navigator_Components Member=Component Header2 Header 6
