Change Component Designator: Old Designator=C15 New Designator=C?
Change Component Designator: Old Designator=C16 New Designator=C?
Change Component Designator: Old Designator=C17 New Designator=C?
Change Component Designator: Old Designator=C18 New Designator=C?
Change Component Designator: Old Designator=C19 New Designator=C?
Change Component Designator: Old Designator=C20 New Designator=C?
Change Component Designator: Old Designator=C21 New Designator=C?
Change Component Designator: Old Designator=C22 New Designator=C?
Change Component Designator: Old Designator=C23 New Designator=C?
Change Component Designator: Old Designator=C24 New Designator=C?
Change Component Designator: Old Designator=C25 New Designator=C?
Change Component Designator: Old Designator=ConSwitchPad1 New Designator=ConSwitchPad?
Change Component Designator: Old Designator=D4 New Designator=D?
Change Component Designator: Old Designator=D5 New Designator=D?
Change Component Designator: Old Designator=FPGARAM1 New Designator=FPGARAM?
Change Component Designator: Old Designator=Motor_1 New Designator=Motor_?
Change Component Designator: Old Designator=Motor_2 New Designator=Motor_?
Change Component Designator: Old Designator=Motor_3 New Designator=Motor_?
Change Component Designator: Old Designator=Motor_4 New Designator=Motor_?
Change Component Designator: Old Designator=MSwitch1 New Designator=MSwitch?
Change Component Designator: Old Designator=MSwitch2 New Designator=MSwitch?
Change Component Designator: Old Designator=MSwitch3 New Designator=MSwitch?
Change Component Designator: Old Designator=R3 New Designator=R?
Change Component Designator: Old Designator=R4 New Designator=R?
Change Component Designator: Old Designator=R5 New Designator=R?
Change Component Designator: Old Designator=R6 New Designator=R?
Change Component Designator: Old Designator=R7 New Designator=R?
Change Component Designator: Old Designator=R8 New Designator=R?
Change Component Designator: Old Designator=R9 New Designator=R?
Change Component Designator: Old Designator=R10 New Designator=R?
Change Component Designator: Old Designator=R11 New Designator=R?
Change Component Designator: Old Designator=R12 New Designator=R?
Change Component Designator: Old Designator=R13 New Designator=R?
Change Component Designator: Old Designator=R14 New Designator=R?
Change Component Designator: Old Designator=Sensor1 New Designator=Sensor?
Change Component Designator: Old Designator=Sensor2 New Designator=Sensor?
Change Component Designator: Old Designator=Sensor3 New Designator=Sensor?
