Added Component: Designator=BATT1(Coil Cell Holder)
Added Component: Designator=C1(SMD 1206)
Added Component: Designator=C2(SMD 1206)
Added Component: Designator=C3(SMD 1206)
Added Component: Designator=C4(SMD 1206)
Added Component: Designator=C5(SMD 1206)
Added Component: Designator=C6(SMD 1206)
Added Component: Designator=C7(Capacitor - Tantalum Case A)
Added Component: Designator=C8(SMD 1206)
Added Component: Designator=C9(SMD 1206)
Added Component: Designator=C10(SMD 1206)
Added Component: Designator=C11(SMD 1206)
Added Component: Designator=C12(SMD 1206)
Added Component: Designator=C13(SMD 1206)
Added Component: Designator=C14(Capacitor - Tantalum Case A)
Added Component: Designator=C15(SMD 1206)
Added Component: Designator=C16(SMD 1206)
Added Component: Designator=C17(Capacitor - Tantalum Case A)
Added Component: Designator=C18(SMD 0805)
Added Component: Designator=C19(Capacitor - Tantalum Case A)
Added Component: Designator=C20(Capacitor - Tantalum Case A)
Added Component: Designator=C21(Capacitor - Tantalum Case A)
Added Component: Designator=C22(CAPPR2-5x5)
Added Component: Designator=C23(SMD 1206)
Added Component: Designator=C24(Capacitor - Tantalum Case A)
Added Component: Designator=C25(SMD 1206)
Added Component: Designator=C26(Capacitor - Tantalum Case A)
Added Component: Designator=C27(SMD 1206)
Added Component: Designator=D1(MBRS540T3G)
Added Component: Designator=D2(1SMA5913BT3G)
Added Component: Designator=D3(MBRS540T3G)
Added Component: Designator=Debug1(HDR1X4)
Added Component: Designator=Debug2(HDR1X4)
Added Component: Designator=Debug3(HDR1X3)
Added Component: Designator=Debug4(HDR1X3)
Added Component: Designator=Debug5(HDR1X3)
Added Component: Designator=H1(PC Wire Connector)
Added Component: Designator=H2(DC Power Jack)
Added Component: Designator=Header 1(HDR1X6H)
Added Component: Designator=IC1(TQFP-PF100_L)
Added Component: Designator=IC2(MPL115A1)
Added Component: Designator=J1(HDR2X4)
Added Component: Designator=LED1(PLCC-4 LED)
Added Component: Designator=LED2(PLCC-4 LED)
Added Component: Designator=Module1(Mini B USB Connector)
Added Component: Designator=Module2(Trimble 37824-B)
Added Component: Designator=Module3(BT0417C Bluetooth Module)
Added Component: Designator=Module4(XBee Pro S1 Wireless Module)
Added Component: Designator=Module5(MicroSD Card Slot)
Added Component: Designator=Module6(PS2 Wireless Module)
Added Component: Designator=P1(HDR1X2)
Added Component: Designator=P2(HDR1X2)
Added Component: Designator=P3(HDR1X2)
Added Component: Designator=R1(SMD 0805)
Added Component: Designator=R2(SMD 0805)
Added Component: Designator=R3(SMD 0805)
Added Component: Designator=R4(Resistor Array YC164)
Added Component: Designator=R5(SMD 0805)
Added Component: Designator=R6(SMD 0805)
Added Component: Designator=R7(SMD 0805)
Added Component: Designator=R8(SMD 0805)
Added Component: Designator=R9(SMD 0805)
Added Component: Designator=R10(SMD 0805)
Added Component: Designator=R11(SMD 0805)
Added Component: Designator=R12(RES12.2-8.5X3.3)
Added Component: Designator=R13(RES12.2-8.5X3.3)
Added Component: Designator=R14(SMD 0805)
Added Component: Designator=RA1(Resistor Array YC164)
Added Component: Designator=REG1(TO-263 D2PACK)
Added Component: Designator=REG2(TO-263 D2PACK)
Added Component: Designator=S1(SMD Tactile Switch)
Added Component: Designator=S2(SMD Tactile Switch)
Added Component: Designator=X1(XT9M20ANA8M - 8MHz Capacitor)
Added Component: Designator=X2(32.768KHz Crystal)
Added Pin To Net: NetName=+3.3V Pin=C1-1
Added Pin To Net: NetName=+3.3V Pin=C2-1
Added Pin To Net: NetName=+3.3V Pin=C3-1
Added Pin To Net: NetName=+3.3V Pin=C4-1
Added Pin To Net: NetName=+3.3V Pin=C5-1
Added Pin To Net: NetName=+3.3V Pin=C6-1
Added Pin To Net: NetName=+3.3V Pin=C13-2
Added Pin To Net: NetName=+3.3V Pin=C16-2
Added Pin To Net: NetName=+3.3V Pin=C17-1
Added Pin To Net: NetName=+3.3V Pin=C18-2
Added Pin To Net: NetName=+3.3V Pin=C19-1
Added Pin To Net: NetName=+3.3V Pin=C26-1
Added Pin To Net: NetName=+3.3V Pin=Header 1-2
Added Pin To Net: NetName=+3.3V Pin=IC1-2
Added Pin To Net: NetName=+3.3V Pin=IC1-16
Added Pin To Net: NetName=+3.3V Pin=IC1-37
Added Pin To Net: NetName=+3.3V Pin=IC1-46
Added Pin To Net: NetName=+3.3V Pin=IC1-55
Added Pin To Net: NetName=+3.3V Pin=IC1-62
Added Pin To Net: NetName=+3.3V Pin=IC1-86
Added Pin To Net: NetName=+3.3V Pin=IC2-1
Added Pin To Net: NetName=+3.3V Pin=Module3-4
Added Pin To Net: NetName=+3.3V Pin=Module4-1
Added Pin To Net: NetName=+3.3V Pin=Module5-4
Added Pin To Net: NetName=+3.3V Pin=R1-2
Added Pin To Net: NetName=+3.3V Pin=R2-2
Added Pin To Net: NetName=+3.3V Pin=R7-2
Added Pin To Net: NetName=+3.3V Pin=R8-1
Added Pin To Net: NetName=+3.3V Pin=R14-1
Added Pin To Net: NetName=+3.3V Pin=REG2-3
Added Pin To Net: NetName=+3.3V Pin=S2-1
Added Pin To Net: NetName=+3.3V Pin=S2-1
Added Net: Name=+3.3V
Added Pin To Net: NetName=+5.0V Pin=C14-1
Added Pin To Net: NetName=+5.0V Pin=C15-1
Added Pin To Net: NetName=+5.0V Pin=C24-1
Added Pin To Net: NetName=+5.0V Pin=Module2-2
Added Pin To Net: NetName=+5.0V Pin=REG1-3
Added Net: Name=+5.0V
Added Pin To Net: NetName=BAROMETER_/CS Pin=IC1-61
Added Pin To Net: NetName=BAROMETER_/CS Pin=IC2-5
Added Net: Name=BAROMETER_/CS
Added Pin To Net: NetName=BAROMETER_/SHDN Pin=IC1-60
Added Pin To Net: NetName=BAROMETER_/SHDN Pin=IC2-4
Added Net: Name=BAROMETER_/SHDN
Added Pin To Net: NetName=BLUETOOTH_RX Pin=Debug5-3
Added Pin To Net: NetName=BLUETOOTH_RX Pin=IC1-39
Added Pin To Net: NetName=BLUETOOTH_RX Pin=Module3-2
Added Pin To Net: NetName=BLUETOOTH_RX Pin=R7-1
Added Net: Name=BLUETOOTH_RX
Added Pin To Net: NetName=BLUETOOTH_TX Pin=Debug5-2
Added Pin To Net: NetName=BLUETOOTH_TX Pin=IC1-40
Added Pin To Net: NetName=BLUETOOTH_TX Pin=Module3-1
Added Net: Name=BLUETOOTH_TX
Added Pin To Net: NetName=GND Pin=BATT1-NEG
Added Pin To Net: NetName=GND Pin=C1-2
Added Pin To Net: NetName=GND Pin=C2-2
Added Pin To Net: NetName=GND Pin=C3-2
Added Pin To Net: NetName=GND Pin=C4-2
Added Pin To Net: NetName=GND Pin=C5-2
Added Pin To Net: NetName=GND Pin=C6-2
Added Pin To Net: NetName=GND Pin=C7-2
Added Pin To Net: NetName=GND Pin=C8-2
Added Pin To Net: NetName=GND Pin=C9-1
Added Pin To Net: NetName=GND Pin=C10-1
Added Pin To Net: NetName=GND Pin=C11-1
Added Pin To Net: NetName=GND Pin=C12-1
Added Pin To Net: NetName=GND Pin=C13-1
Added Pin To Net: NetName=GND Pin=C14-2
Added Pin To Net: NetName=GND Pin=C15-2
Added Pin To Net: NetName=GND Pin=C16-1
Added Pin To Net: NetName=GND Pin=C17-2
Added Pin To Net: NetName=GND Pin=C18-1
Added Pin To Net: NetName=GND Pin=C19-2
Added Pin To Net: NetName=GND Pin=C20-2
Added Pin To Net: NetName=GND Pin=C21-2
Added Pin To Net: NetName=GND Pin=C22-2
Added Pin To Net: NetName=GND Pin=C23-1
Added Pin To Net: NetName=GND Pin=C24-2
Added Pin To Net: NetName=GND Pin=C25-2
Added Pin To Net: NetName=GND Pin=C26-2
Added Pin To Net: NetName=GND Pin=C27-1
Added Pin To Net: NetName=GND Pin=D2-A
Added Pin To Net: NetName=GND Pin=Debug1-1
Added Pin To Net: NetName=GND Pin=Debug2-1
Added Pin To Net: NetName=GND Pin=Debug3-1
Added Pin To Net: NetName=GND Pin=Debug4-1
Added Pin To Net: NetName=GND Pin=Debug5-1
Added Pin To Net: NetName=GND Pin=H1-R
Added Pin To Net: NetName=GND Pin=H2-OUT
Added Pin To Net: NetName=GND Pin=Header 1-3
Added Pin To Net: NetName=GND Pin=IC1-15
Added Pin To Net: NetName=GND Pin=IC1-31
Added Pin To Net: NetName=GND Pin=IC1-36
Added Pin To Net: NetName=GND Pin=IC1-45
Added Pin To Net: NetName=GND Pin=IC1-65
Added Pin To Net: NetName=GND Pin=IC1-75
Added Pin To Net: NetName=GND Pin=IC2-3
Added Pin To Net: NetName=GND Pin=LED2-1
Added Pin To Net: NetName=GND Pin=Module1-1
Added Pin To Net: NetName=GND Pin=Module1-1
Added Pin To Net: NetName=GND Pin=Module1-1
Added Pin To Net: NetName=GND Pin=Module1-1
Added Pin To Net: NetName=GND Pin=Module1-1
Added Pin To Net: NetName=GND Pin=Module2-8
Added Pin To Net: NetName=GND Pin=Module3-5
Added Pin To Net: NetName=GND Pin=Module3-6
Added Pin To Net: NetName=GND Pin=Module3-7
Added Pin To Net: NetName=GND Pin=Module4-10
Added Pin To Net: NetName=GND Pin=Module5-6
Added Pin To Net: NetName=GND Pin=Module6-4
Added Pin To Net: NetName=GND Pin=P3-2
Added Pin To Net: NetName=GND Pin=R4-8
Added Pin To Net: NetName=GND Pin=R9-1
Added Pin To Net: NetName=GND Pin=R10-2
Added Pin To Net: NetName=GND Pin=R11-2
Added Pin To Net: NetName=GND Pin=R13-1
Added Pin To Net: NetName=GND Pin=REG1-2
Added Pin To Net: NetName=GND Pin=REG1-2
Added Pin To Net: NetName=GND Pin=REG2-2
Added Pin To Net: NetName=GND Pin=REG2-2
Added Pin To Net: NetName=GND Pin=S1-1
Added Pin To Net: NetName=GND Pin=S1-1
Added Net: Name=GND
Added Pin To Net: NetName=GPS_1PPS Pin=IC1-17
Added Pin To Net: NetName=GPS_1PPS Pin=Module2-6
Added Net: Name=GPS_1PPS
Added Pin To Net: NetName=GPS_NMEA_RX Pin=J1-4
Added Pin To Net: NetName=GPS_NMEA_RX Pin=Module2-7
Added Net: Name=GPS_NMEA_RX
Added Pin To Net: NetName=GPS_NMEA_TX Pin=J1-8
Added Pin To Net: NetName=GPS_NMEA_TX Pin=Module2-1
Added Net: Name=GPS_NMEA_TX
Added Pin To Net: NetName=GPS_TSIP_RX Pin=J1-2
Added Pin To Net: NetName=GPS_TSIP_RX Pin=Module2-5
Added Net: Name=GPS_TSIP_RX
Added Pin To Net: NetName=GPS_TSIP_TX Pin=J1-6
Added Pin To Net: NetName=GPS_TSIP_TX Pin=Module2-3
Added Net: Name=GPS_TSIP_TX
Added Pin To Net: NetName=ICSP_MCLR Pin=Header 1-1
Added Pin To Net: NetName=ICSP_MCLR Pin=R3-2
Added Net: Name=ICSP_MCLR
Added Pin To Net: NetName=ICSP_PGC Pin=IC1-24
Added Pin To Net: NetName=ICSP_PGC Pin=R6-2
Added Net: Name=ICSP_PGC
Added Pin To Net: NetName=ICSP_PGD Pin=IC1-25
Added Pin To Net: NetName=ICSP_PGD Pin=R5-2
Added Net: Name=ICSP_PGD
Added Pin To Net: NetName=MCLR Pin=IC1-13
Added Pin To Net: NetName=MCLR Pin=R2-1
Added Pin To Net: NetName=MCLR Pin=R3-1
Added Pin To Net: NetName=MCLR Pin=S1-2
Added Pin To Net: NetName=MCLR Pin=S1-2
Added Net: Name=MCLR
Added Pin To Net: NetName=NetBATT1_POS Pin=BATT1-POS
Added Pin To Net: NetName=NetBATT1_POS Pin=Module2-4
Added Net: Name=NetBATT1_POS
Added Pin To Net: NetName=NetC7_1 Pin=C7-1
Added Pin To Net: NetName=NetC7_1 Pin=IC1-85
Added Net: Name=NetC7_1
Added Pin To Net: NetName=NetC8_1 Pin=C8-1
Added Pin To Net: NetName=NetC8_1 Pin=IC1-30
Added Pin To Net: NetName=NetC8_1 Pin=R1-1
Added Net: Name=NetC8_1
Added Pin To Net: NetName=NetC20_1 Pin=C20-1
Added Pin To Net: NetName=NetC20_1 Pin=IC2-2
Added Net: Name=NetC20_1
Added Pin To Net: NetName=NetD1_0 Pin=D1-A
Added Pin To Net: NetName=NetD1_0 Pin=H1-L
Added Net: Name=NetD1_0
Added Pin To Net: NetName=NetD3_0 Pin=D3-A
Added Pin To Net: NetName=NetD3_0 Pin=H2-IN
Added Net: Name=NetD3_0
Added Pin To Net: NetName=NetHeader 1_4 Pin=Header 1-4
Added Pin To Net: NetName=NetHeader 1_4 Pin=R5-1
Added Net: Name=NetHeader 1_4
Added Pin To Net: NetName=NetHeader 1_5 Pin=Header 1-5
Added Pin To Net: NetName=NetHeader 1_5 Pin=R6-1
Added Net: Name=NetHeader 1_5
Added Pin To Net: NetName=NetLED1_1 Pin=LED1-2
Added Pin To Net: NetName=NetLED1_1 Pin=Module3-8
Added Pin To Net: NetName=NetLED1_1 Pin=P1-1
Added Net: Name=NetLED1_1
Added Pin To Net: NetName=NetLED1_2 Pin=LED1-1
Added Pin To Net: NetName=NetLED1_2 Pin=P1-2
Added Pin To Net: NetName=NetLED1_2 Pin=R10-1
Added Net: Name=NetLED1_2
Added Pin To Net: NetName=NetLED2_1 Pin=LED2-2
Added Pin To Net: NetName=NetLED2_1 Pin=P3-1
Added Pin To Net: NetName=NetLED2_1 Pin=R14-2
Added Net: Name=NetLED2_1
Added Pin To Net: NetName=NetModule1_4 Pin=Module1-5
Added Pin To Net: NetName=NetModule1_4 Pin=R4-1
Added Pin To Net: NetName=NetModule1_4 Pin=R4-2
Added Net: Name=NetModule1_4
Added Pin To Net: NetName=NetModule3_3 Pin=Module3-3
Added Pin To Net: NetName=NetModule3_3 Pin=R8-2
Added Net: Name=NetModule3_3
Added Pin To Net: NetName=NetModule3_9 Pin=Module3-9
Added Pin To Net: NetName=NetModule3_9 Pin=R9-2
Added Pin To Net: NetName=NetModule3_9 Pin=S2-2
Added Pin To Net: NetName=NetModule3_9 Pin=S2-2
Added Net: Name=NetModule3_9
Added Pin To Net: NetName=NetP2_2 Pin=P2-2
Added Pin To Net: NetName=NetP2_2 Pin=R11-1
Added Net: Name=NetP2_2
Added Pin To Net: NetName=OSC1 Pin=C9-2
Added Pin To Net: NetName=OSC1 Pin=IC1-63
Added Pin To Net: NetName=OSC1 Pin=X1-2
Added Net: Name=OSC1
Added Pin To Net: NetName=OSC2 Pin=C10-2
Added Pin To Net: NetName=OSC2 Pin=IC1-64
Added Pin To Net: NetName=OSC2 Pin=X1-1
Added Net: Name=OSC2
Added Pin To Net: NetName=PIC_SPI1_SCLK Pin=Debug1-4
Added Pin To Net: NetName=PIC_SPI1_SCLK Pin=IC1-70
Added Pin To Net: NetName=PIC_SPI1_SCLK Pin=IC2-8
Added Pin To Net: NetName=PIC_SPI1_SCLK Pin=Module5-5
Added Net: Name=PIC_SPI1_SCLK
Added Pin To Net: NetName=PIC_SPI1_SDI Pin=Debug1-3
Added Pin To Net: NetName=PIC_SPI1_SDI Pin=IC1-9
Added Pin To Net: NetName=PIC_SPI1_SDI Pin=IC2-6
Added Pin To Net: NetName=PIC_SPI1_SDI Pin=Module5-7
Added Net: Name=PIC_SPI1_SDI
Added Pin To Net: NetName=PIC_SPI1_SDO Pin=Debug1-2
Added Pin To Net: NetName=PIC_SPI1_SDO Pin=IC1-72
Added Pin To Net: NetName=PIC_SPI1_SDO Pin=IC2-7
Added Pin To Net: NetName=PIC_SPI1_SDO Pin=Module5-3
Added Net: Name=PIC_SPI1_SDO
Added Pin To Net: NetName=PIC_SPI2_SCLK Pin=Debug2-4
Added Pin To Net: NetName=PIC_SPI2_SCLK Pin=IC1-10
Added Pin To Net: NetName=PIC_SPI2_SCLK Pin=Module6-7
Added Net: Name=PIC_SPI2_SCLK
Added Pin To Net: NetName=PIC_SPI2_SDI Pin=Debug2-3
Added Pin To Net: NetName=PIC_SPI2_SDI Pin=IC1-11
Added Pin To Net: NetName=PIC_SPI2_SDI Pin=Module6-1
Added Pin To Net: NetName=PIC_SPI2_SDI Pin=RA1-1
Added Net: Name=PIC_SPI2_SDI
Added Pin To Net: NetName=PIC_SPI2_SDO Pin=Debug2-2
Added Pin To Net: NetName=PIC_SPI2_SDO Pin=IC1-12
Added Pin To Net: NetName=PIC_SPI2_SDO Pin=Module6-2
Added Net: Name=PIC_SPI2_SDO
Added Pin To Net: NetName=PIC_UART1_/CTS Pin=IC1-47
Added Pin To Net: NetName=PIC_UART1_/CTS Pin=Module4-16
Added Net: Name=PIC_UART1_/CTS
Added Pin To Net: NetName=PIC_UART1_/RTS Pin=IC1-48
Added Pin To Net: NetName=PIC_UART1_/RTS Pin=Module4-12
Added Net: Name=PIC_UART1_/RTS
Added Pin To Net: NetName=PIC_UART1_RX Pin=Debug3-2
Added Pin To Net: NetName=PIC_UART1_RX Pin=IC1-52
Added Pin To Net: NetName=PIC_UART1_RX Pin=Module4-2
Added Net: Name=PIC_UART1_RX
Added Pin To Net: NetName=PIC_UART1_TX Pin=Debug3-3
Added Pin To Net: NetName=PIC_UART1_TX Pin=IC1-53
Added Pin To Net: NetName=PIC_UART1_TX Pin=Module4-3
Added Net: Name=PIC_UART1_TX
Added Pin To Net: NetName=PIC_UART2_RX Pin=Debug4-2
Added Pin To Net: NetName=PIC_UART2_RX Pin=IC1-49
Added Pin To Net: NetName=PIC_UART2_RX Pin=J1-1
Added Pin To Net: NetName=PIC_UART2_RX Pin=J1-3
Added Net: Name=PIC_UART2_RX
Added Pin To Net: NetName=PIC_UART2_TX Pin=Debug4-3
Added Pin To Net: NetName=PIC_UART2_TX Pin=IC1-50
Added Pin To Net: NetName=PIC_UART2_TX Pin=J1-5
Added Pin To Net: NetName=PIC_UART2_TX Pin=J1-7
Added Net: Name=PIC_UART2_TX
Added Pin To Net: NetName=PS2_ACK Pin=IC1-92
Added Pin To Net: NetName=PS2_ACK Pin=Module6-9
Added Pin To Net: NetName=PS2_ACK Pin=RA1-4
Added Net: Name=PS2_ACK
Added Pin To Net: NetName=PS2_ATT Pin=IC1-28
Added Pin To Net: NetName=PS2_ATT Pin=Module6-6
Added Net: Name=PS2_ATT
Added Pin To Net: NetName=SOSCI Pin=C11-2
Added Pin To Net: NetName=SOSCI Pin=IC1-73
Added Pin To Net: NetName=SOSCI Pin=X2-1
Added Net: Name=SOSCI
Added Pin To Net: NetName=SOSCO Pin=C12-2
Added Pin To Net: NetName=SOSCO Pin=IC1-74
Added Pin To Net: NetName=SOSCO Pin=X2-2
Added Net: Name=SOSCO
Added Pin To Net: NetName=SYSPOWMONITOR Pin=D2-K
Added Pin To Net: NetName=SYSPOWMONITOR Pin=IC1-23
Added Pin To Net: NetName=SYSPOWMONITOR Pin=R12-1
Added Pin To Net: NetName=SYSPOWMONITOR Pin=R13-2
Added Net: Name=SYSPOWMONITOR
Added Pin To Net: NetName=SYS Pin=C21-1
Added Pin To Net: NetName=SYS Pin=C22-1
Added Pin To Net: NetName=SYS Pin=C23-2
Added Pin To Net: NetName=SYS Pin=C25-1
Added Pin To Net: NetName=SYS Pin=C27-2
Added Pin To Net: NetName=SYS Pin=D1-K
Added Pin To Net: NetName=SYS Pin=D3-K
Added Pin To Net: NetName=SYS Pin=R12-2
Added Pin To Net: NetName=SYS Pin=REG1-1
Added Pin To Net: NetName=SYS Pin=REG2-1
Added Net: Name=SYS
Added Pin To Net: NetName=USB_PIC_N Pin=IC1-56
Added Pin To Net: NetName=USB_PIC_N Pin=Module1-4
Added Net: Name=USB_PIC_N
Added Pin To Net: NetName=USB_PIC_P Pin=IC1-57
Added Pin To Net: NetName=USB_PIC_P Pin=Module1-3
Added Net: Name=USB_PIC_P
Added Pin To Net: NetName=USD_/CS Pin=IC1-91
Added Pin To Net: NetName=USD_/CS Pin=Module5-2
Added Net: Name=USD_/CS
Added Pin To Net: NetName=VBUS Pin=IC1-54
Added Pin To Net: NetName=VBUS Pin=R4-7
Added Net: Name=VBUS
Added Pin To Net: NetName=VCC Pin=Module6-5
Added Pin To Net: NetName=VCC Pin=RA1-8
Added Pin To Net: NetName=VCC Pin=RA1-7
Added Pin To Net: NetName=VCC Pin=RA1-6
Added Pin To Net: NetName=VCC Pin=RA1-5
Added Net: Name=VCC
Added Pin To Net: NetName=XBEE_/DTR Pin=IC1-58
Added Pin To Net: NetName=XBEE_/DTR Pin=Module4-9
Added Net: Name=XBEE_/DTR
Added Pin To Net: NetName=XBEE_/RESET Pin=IC1-59
Added Pin To Net: NetName=XBEE_/RESET Pin=Module4-5
Added Net: Name=XBEE_/RESET
Added Pin To Net: NetName=XBEE_ASSOCIATE Pin=IC1-38
Added Pin To Net: NetName=XBEE_ASSOCIATE Pin=Module4-15
Added Pin To Net: NetName=XBEE_ASSOCIATE Pin=P2-1
Added Net: Name=XBEE_ASSOCIATE
Added Class: Name=Connectors
Added Class: Name=Modules
Added Class: Name=PIC Processor
Added Class: Name=Power
Added Differential Pair: Name=USB_PIC
Added Room: Name=Connectors
Added Room: Name=Modules
Added Room: Name=PIC Processor
Added Room: Name=Power
