Change Component Designator: Old Designator=BATT? New Designator=BATT1
Change Component Designator: Old Designator=C? New Designator=C14
Change Component Designator: Old Designator=C? New Designator=C15
Change Component Designator: Old Designator=C? New Designator=C16
Change Component Designator: Old Designator=C? New Designator=C17
Change Component Designator: Old Designator=C? New Designator=C18
Change Component Designator: Old Designator=C? New Designator=C19
Change Component Designator: Old Designator=C? New Designator=C20
Change Component Designator: Old Designator=IC? New Designator=IC2
Change Component Designator: Old Designator=LED? New Designator=LED1
Change Component Designator: Old Designator=Module? New Designator=Module2
Change Component Designator: Old Designator=Module? New Designator=Module3
Change Component Designator: Old Designator=Module? New Designator=Module4
Change Component Designator: Old Designator=Module? New Designator=Module5
Change Component Designator: Old Designator=P? New Designator=P1
Change Component Designator: Old Designator=P? New Designator=P2
Change Component Designator: Old Designator=R? New Designator=R7
Change Component Designator: Old Designator=R? New Designator=R8
Change Component Designator: Old Designator=R? New Designator=R9
Change Component Designator: Old Designator=R? New Designator=R10
Change Component Designator: Old Designator=R? New Designator=R11
Change Component Designator: Old Designator=S? New Designator=S2
